TN:
SF:src/DaemonAddressError.ts
FNF:2
FNH:2
DA:1,16
DA:2,15
DA:3,9
DA:4,29
DA:5,27
DA:6,2
DA:9,21
DA:10,17
DA:11,156
DA:14,1
LF:10
LH:10
end_of_record
TN:
SF:src/DaemonConfig.ts
FNF:3
FNH:3
DA:1,36
DA:3,21
DA:4,44
DA:7,6
DA:8,10
DA:9,7
DA:10,3
DA:11,37
DA:14,6
DA:15,12
DA:16,13
DA:17,3
DA:18,47
DA:19,48
DA:20,28
LF:15
LH:15
end_of_record
TN:
SF:src/DaemonLogs.ts
FNF:23
FNH:23
DA:1,40
DA:3,20
DA:4,25
DA:6,6
DA:7,6
DA:8,6
DA:9,7
DA:10,3
DA:11,58
DA:12,24
DA:13,37
DA:14,1
DA:17,10
DA:18,53
DA:21,10
DA:22,73
DA:23,56
DA:24,65
DA:27,16
DA:28,42
DA:29,50
DA:30,41
DA:33,9
DA:34,9
DA:35,35
DA:36,11
DA:37,9
DA:41,20
DA:42,18
DA:43,9
DA:44,2
DA:45,34
DA:46,58
DA:47,43
DA:52,25
DA:53,26
DA:54,24
DA:55,29
DA:56,40
DA:57,1
DA:60,10
DA:61,63
DA:64,19
DA:65,48
DA:66,23
DA:67,12
DA:70,6
DA:71,6
DA:72,9
DA:73,3
DA:74,38
DA:75,25
DA:76,8
DA:77,2
DA:78,64
DA:81,1
DA:82,6
DA:83,10
DA:84,5
DA:85,3
DA:86,66
DA:87,30
DA:88,11
DA:91,9
DA:92,9
DA:93,31
DA:94,11
DA:95,8
DA:99,8
DA:100,54
LF:70
LH:70
end_of_record
TN:
SF:src/DaemonStartupError.ts
FNF:2
FNH:2
DA:1,33
DA:2,43
DA:3,43
DA:4,10
DA:5,44
DA:6,77
LF:6
LH:6
end_of_record
TN:
SF:src/DaemonStateIO.ts
FNF:9
FNH:9
DA:1,41
DA:2,66
DA:3,36
DA:15,6
DA:16,9
DA:17,12
DA:18,3
DA:19,69
DA:22,6
DA:23,12
DA:24,15
DA:25,21
DA:26,40
DA:27,26
DA:28,2
DA:31,6
DA:32,6
DA:33,11
DA:34,9
DA:35,3
DA:36,50
DA:37,39
DA:38,32
DA:39,27
DA:42,9
DA:43,51
DA:44,25
DA:45,26
DA:48,16
DA:49,33
DA:50,6
DA:51,2
DA:52,12
DA:55,16
DA:56,9
DA:57,18
DA:58,19
DA:59,35
DA:60,11
DA:61,3
LF:40
LH:40
end_of_record
TN:
SF:src/DaemonStateValidation.ts
FNF:5
FNH:5
DA:3,16
DA:4,45
DA:5,39
DA:6,2
DA:7,22
DA:8,47
DA:11,6
DA:12,39
DA:15,11
DA:16,50
DA:19,11
DA:20,7
DA:21,34
DA:22,28
DA:26,11
DA:27,7
DA:28,31
DA:29,39
DA:30,41
DA:31,71
LF:20
LH:20
end_of_record
TN:
SF:src/MountContext.ts
FNF:25
FNH:25
DA:5,85
DA:9,68
DA:10,69
DA:13,6
DA:14,9
DA:15,12
DA:16,9
DA:17,3
DA:18,15
DA:19,45
DA:20,36
DA:21,1
DA:24,1
DA:25,9
DA:26,12
DA:27,3
DA:28,15
DA:29,30
DA:30,34
DA:31,24
DA:32,1
DA:35,13
DA:36,12
DA:37,43
DA:38,68
DA:39,45
DA:40,52
DA:41,63
DA:42,1
DA:45,13
DA:46,15
DA:47,32
DA:48,44
DA:49,1
DA:52,1
DA:53,9
DA:54,12
DA:55,3
DA:56,16
DA:57,46
DA:58,22
DA:61,1
DA:62,9
DA:63,12
DA:64,3
DA:65,15
DA:66,29
DA:67,55
DA:68,1
DA:71,13
DA:72,12
DA:73,40
DA:74,33
DA:75,1
DA:78,1
DA:79,9
DA:80,11
DA:81,3
DA:82,12
DA:83,67
DA:84,57
DA:85,1
DA:88,13
DA:89,12
DA:90,60
DA:91,2
DA:94,21
DA:95,12
DA:96,25
DA:97,51
DA:99,27
DA:100,53
DA:102,29
DA:103,52
DA:105,1
LF:75
LH:75
end_of_record
TN:
SF:src/Shell.ts
FNF:4
FNH:4
DA:2,101
DA:8,1
DA:10,49
DA:11,46
DA:12,78
DA:15,26
DA:16,124
DA:17,93
DA:18,111
DA:19,9
DA:20,56
DA:23,29
DA:24,40
DA:27,31
DA:28,92
DA:30,2
LF:16
LH:16
end_of_record
TN:
SF:src/YafsCommandContext.ts
FNF:19
FNH:19
DA:10,46
DA:11,56
DA:28,23
DA:29,15
DA:30,29
DA:31,32
DA:32,28
DA:33,28
DA:34,32
DA:35,27
DA:36,1
DA:39,18
DA:40,60
DA:43,26
DA:44,27
DA:47,44
DA:48,12
DA:49,12
DA:50,13
DA:51,9
DA:52,20
DA:53,25
DA:55,1
DA:58,19
DA:59,54
DA:62,15
DA:63,12
DA:64,43
DA:65,39
DA:66,47
DA:67,36
DA:68,1
DA:71,15
DA:72,12
DA:73,23
DA:74,32
DA:75,45
DA:76,51
DA:77,39
DA:78,48
DA:79,1
DA:82,46
DA:83,49
DA:86,20
DA:87,34
LF:45
LH:45
end_of_record
TN:
SF:src/YafsCommandRuntime.ts
FNF:20
FNH:20
DA:5,88
DA:6,132
DA:7,80
DA:8,131
DA:11,78
DA:13,36
DA:14,88
DA:15,51
DA:16,97
DA:17,19
DA:20,40
DA:21,134
DA:22,68
DA:23,16
DA:24,58
DA:25,6
DA:26,9
DA:27,38
DA:30,41
DA:31,60
DA:32,28
DA:33,68
DA:34,12
DA:35,51
DA:36,97
DA:37,20
DA:40,39
DA:41,52
DA:42,102
DA:43,100
DA:44,12
DA:45,135
DA:48,44
DA:49,52
DA:50,102
DA:51,110
DA:52,12
DA:53,38
DA:54,124
DA:55,9
DA:58,52
DA:59,72
DA:60,40
DA:61,88
DA:62,38
DA:63,14
DA:64,25
DA:67,40
DA:68,70
DA:69,62
DA:70,22
DA:71,118
DA:72,14
DA:73,60
DA:77,45
DA:78,70
DA:79,62
DA:80,22
DA:81,144
DA:82,14
DA:83,56
DA:87,21
DA:88,28
DA:89,62
DA:90,104
DA:91,9
DA:94,23
DA:97,10
DA:98,74
DA:99,118
DA:102,39
DA:103,98
DA:104,41
DA:105,91
DA:106,9
DA:107,110
DA:109,2
LF:77
LH:77
end_of_record
TN:
SF:src/YafsContext.ts
FNF:9
FNH:9
DA:2,54
DA:3,43
DA:5,15
DA:6,62
DA:9,10
DA:10,12
DA:11,30
DA:12,24
DA:13,36
DA:14,24
DA:15,22
DA:16,23
DA:17,1
DA:20,10
DA:21,12
DA:22,22
DA:23,29
DA:24,28
DA:25,46
DA:26,26
DA:27,26
DA:28,1
DA:31,10
DA:32,35
DA:33,33
DA:34,7
DA:35,8
LF:27
LH:27
end_of_record
TN:
SF:src/YafsEvidencePlan.ts
FNF:8
FNH:8
DA:7,63
DA:8,44
DA:9,55
DA:16,6
DA:17,11
DA:18,3
DA:19,68
DA:22,25
DA:23,30
DA:24,9
DA:25,46
DA:26,19
DA:27,55
DA:31,20
DA:32,14
DA:33,30
DA:34,31
DA:35,31
DA:36,41
DA:39,17
DA:40,33
DA:41,12
DA:42,56
DA:43,39
DA:44,1
DA:47,1
DA:48,6
DA:49,11
DA:50,3
DA:51,36
DA:52,54
DA:53,58
DA:54,58
DA:57,1
DA:58,6
DA:59,11
DA:60,3
DA:61,36
DA:62,58
DA:63,64
DA:64,46
LF:41
LH:41
end_of_record
TN:
SF:src/YafsExecution.ts
FNF:20
FNH:20
DA:5,56
DA:6,44
DA:7,57
DA:8,49
DA:10,22
DA:11,49
DA:14,6
DA:15,6
DA:16,6
DA:17,3
DA:18,60
DA:21,6
DA:22,6
DA:23,6
DA:24,9
DA:25,3
DA:26,52
DA:29,16
DA:30,28
DA:31,30
DA:32,2
DA:33,19
DA:36,22
DA:37,47
DA:40,6
DA:41,6
DA:42,7
DA:43,3
DA:44,57
DA:47,6
DA:48,6
DA:49,9
DA:50,3
DA:51,55
DA:54,16
DA:55,30
DA:56,9
DA:57,14
DA:58,19
DA:59,55
DA:63,1
DA:64,6
DA:65,6
DA:66,3
DA:67,30
DA:68,49
DA:71,17
DA:72,55
DA:75,1
DA:76,6
DA:77,8
DA:78,3
DA:79,64
DA:80,33
DA:81,39
DA:82,56
DA:85,17
DA:86,47
DA:87,61
DA:88,33
DA:89,56
DA:92,16
DA:93,47
DA:94,72
DA:95,33
DA:96,56
LF:66
LH:66
end_of_record
TN:
SF:src/YafsExecutionResult.ts
FNF:3
FNH:3
DA:1,42
DA:5,6
DA:6,6
DA:7,8
DA:8,7
DA:9,3
DA:10,72
DA:13,22
DA:14,55
DA:15,12
DA:16,15
DA:17,20
DA:18,58
DA:19,49
DA:20,24
DA:21,1
DA:24,10
DA:25,52
LF:18
LH:18
end_of_record
TN:
SF:src/YafsExecutionWrite.ts
FNF:5
FNH:5
DA:3,57
DA:5,6
DA:6,6
DA:7,6
DA:8,9
DA:9,3
DA:10,63
DA:13,16
DA:14,30
DA:15,9
DA:16,14
DA:17,19
DA:18,55
DA:22,1
DA:23,6
DA:24,6
DA:25,9
DA:26,3
DA:27,63
DA:28,33
DA:29,75
DA:32,25
DA:33,65
LF:23
LH:23
end_of_record
TN:
SF:src/YafsInitialization.ts
FNF:11
FNH:11
DA:1,44
DA:2,32
DA:3,49
DA:4,43
DA:5,54
DA:6,53
DA:7,58
DA:8,48
DA:9,61
DA:10,53
DA:11,52
DA:15,24
DA:16,44
DA:17,58
DA:18,34
DA:19,26
DA:22,19
DA:23,50
DA:24,63
DA:25,60
DA:28,19
DA:29,47
DA:30,33
DA:31,24
DA:32,28
DA:33,28
DA:36,19
DA:37,63
DA:38,32
DA:41,10
DA:42,64
DA:43,19
DA:44,3
DA:47,10
DA:48,45
DA:49,12
DA:50,13
DA:51,11
DA:52,19
DA:53,3
DA:56,10
DA:57,48
DA:58,37
DA:59,24
DA:62,10
DA:63,24
DA:64,57
DA:65,3
LF:48
LH:48
end_of_record
TN:
SF:src/YafsMutationContext.ts
FNF:14
FNH:14
DA:4,21
DA:5,15
DA:6,35
DA:7,28
DA:8,33
DA:9,59
DA:11,31
DA:12,38
DA:14,1
DA:17,16
DA:18,12
DA:19,31
DA:20,37
DA:22,1
DA:25,16
DA:26,15
DA:27,30
DA:28,24
DA:29,50
DA:31,23
DA:32,49
DA:34,28
DA:35,51
DA:37,1
DA:40,16
DA:41,12
DA:42,23
DA:43,49
DA:45,23
DA:46,49
DA:48,32
DA:49,55
DA:51,1
DA:54,1
DA:55,12
DA:56,6
DA:57,8
DA:58,3
DA:59,24
DA:60,52
DA:61,2
DA:62,49
LF:42
LH:42
end_of_record
TN:
SF:src/YafsOperationPlan.ts
FNF:7
FNH:7
DA:1,42
DA:6,60
DA:8,26
DA:9,9
DA:10,32
DA:11,32
DA:12,19
DA:13,56
DA:17,6
DA:18,6
DA:19,11
DA:20,3
DA:21,28
DA:22,31
DA:23,30
DA:26,21
DA:27,50
DA:28,70
DA:31,11
DA:32,31
DA:33,29
DA:34,2
DA:35,64
DA:38,6
DA:39,6
DA:40,8
DA:41,7
DA:42,3
DA:43,72
DA:46,22
DA:47,55
DA:48,12
DA:49,15
DA:50,20
DA:51,14
DA:52,49
DA:53,24
DA:54,1
DA:57,10
DA:58,52
LF:40
LH:40
end_of_record
TN:
SF:src/YafsOperationQueue.ts
FNF:16
FNH:16
DA:8,1
DA:10,13
DA:11,60
DA:12,66
DA:13,60
DA:14,60
DA:15,10
DA:17,21
DA:18,50
DA:19,50
DA:21,19
DA:22,51
DA:24,21
DA:25,28
DA:26,82
DA:27,70
DA:28,9
DA:30,33
DA:31,92
DA:32,86
DA:34,24
DA:35,82
DA:38,37
DA:39,62
DA:40,32
DA:41,76
DA:42,14
DA:44,39
DA:45,66
DA:48,77
DA:49,81
DA:50,71
DA:51,12
DA:52,50
DA:55,29
DA:56,85
DA:57,27
DA:58,12
DA:59,50
DA:62,48
DA:63,77
DA:64,118
DA:65,17
DA:66,9
DA:67,68
DA:69,47
DA:70,81
DA:71,70
DA:72,17
DA:73,9
DA:74,81
DA:75,70
DA:76,17
DA:77,9
DA:78,64
DA:80,46
DA:81,112
DA:83,46
DA:84,103
DA:86,1
LF:60
LH:60
end_of_record
TN:
SF:src/YafsValues.ts
FNF:3
FNH:3
DA:3,21
DA:4,25
DA:5,21
DA:6,2
DA:7,24
DA:8,21
DA:9,2
DA:10,10
DA:13,6
DA:14,9
DA:15,6
DA:16,7
DA:17,3
DA:18,28
DA:19,42
DA:22,20
DA:23,60
LF:17
LH:17
end_of_record
TN:
SF:src/YafsWorkspace.ts
FNF:21
FNH:21
DA:4,115
DA:8,13
DA:9,60
DA:10,60
DA:11,67
DA:12,10
DA:14,26
DA:15,92
DA:16,88
DA:17,54
DA:18,9
DA:19,62
DA:22,28
DA:23,63
DA:25,30
DA:26,79
DA:28,32
DA:29,71
DA:31,28
DA:32,63
DA:34,58
DA:35,79
DA:38,31
DA:39,119
DA:42,34
DA:43,155
DA:46,26
DA:47,115
DA:50,30
DA:51,87
DA:52,46
DA:53,62
DA:54,62
DA:55,66
DA:56,78
DA:57,132
DA:58,12
DA:61,26
DA:62,133
DA:64,35
DA:65,115
DA:67,29
DA:68,127
DA:70,38
DA:71,141
DA:73,28
DA:76,10
DA:77,41
DA:78,111
DA:79,74
DA:81,2
LF:51
LH:51
end_of_record
TN:
SF:src/cache/CachePaths.ts
FNF:1
FNH:1
DA:3,44
DA:4,61
DA:6,14
DA:7,61
LF:4
LH:4
end_of_record
TN:
SF:src/cache/CacheRequest.ts
FNF:6
FNH:6
DA:6,16
DA:7,45
DA:8,12
DA:9,2
DA:10,24
DA:11,30
DA:14,13
DA:15,36
DA:16,11
DA:17,2
DA:18,37
DA:19,24
DA:20,2
DA:21,35
DA:24,13
DA:25,7
DA:26,63
DA:27,31
DA:31,1
DA:32,9
DA:33,3
DA:34,7
DA:35,74
DA:39,15
DA:40,55
LF:25
LH:25
end_of_record
TN:
SF:src/cache/CacheRetention.ts
FNF:5
FNH:5
DA:2,49
DA:10,31
DA:11,51
DA:12,6
DA:13,2
DA:14,51
DA:15,28
DA:16,26
DA:17,3
DA:20,21
DA:21,38
DA:22,41
DA:23,27
DA:24,1
DA:27,16
DA:28,57
DA:31,10
DA:32,37
LF:18
LH:18
end_of_record
TN:
SF:src/cache/CacheService.ts
FNF:17
FNH:17
DA:2,169
DA:25,89
DA:27,9
DA:28,10
DA:29,18
DA:30,14
DA:31,10
DA:32,10
DA:33,38
DA:34,42
DA:35,110
DA:38,10
DA:39,18
DA:40,17
DA:41,10
DA:42,104
DA:43,66
DA:44,94
DA:45,146
DA:48,10
DA:49,16
DA:50,10
DA:51,108
DA:52,34
DA:53,86
DA:54,58
DA:55,9
DA:58,60
DA:59,28
DA:60,62
DA:61,34
DA:62,20
DA:63,26
DA:64,18
DA:65,9
DA:68,44
DA:69,28
DA:70,70
DA:71,120
DA:72,14
DA:75,30
DA:76,125
DA:78,31
DA:79,106
DA:80,30
DA:81,59
DA:82,9
DA:83,32
DA:86,35
DA:87,76
DA:88,46
DA:89,31
DA:92,32
DA:93,108
DA:95,33
DA:96,110
DA:98,18
DA:99,51
DA:101,43
DA:102,124
DA:104,2
DA:106,31
DA:107,45
LF:63
LH:63
end_of_record
TN:
SF:src/cache/CacheValidation.ts
FNF:7
FNH:7
DA:3,30
DA:5,16
DA:6,21
DA:7,23
DA:8,23
DA:11,11
DA:12,28
DA:13,38
DA:14,1
DA:17,11
DA:18,7
DA:19,25
DA:20,28
DA:21,24
DA:25,11
DA:26,54
DA:27,53
DA:30,14
DA:31,58
DA:32,36
DA:33,2
DA:36,16
DA:37,75
DA:38,36
DA:39,2
DA:42,16
DA:43,31
DA:44,61
DA:45,1
LF:29
LH:29
end_of_record
TN:
SF:src/commands/CacheCommands.ts
FNF:15
FNH:15
DA:2,56
DA:5,73
DA:6,33
DA:7,53
DA:9,11
DA:10,23
DA:13,6
DA:14,12
DA:15,18
DA:16,10
DA:17,80
DA:18,21
DA:19,48
DA:20,1
DA:22,19
DA:23,46
DA:24,17
DA:25,37
DA:26,2
DA:27,63
DA:29,6
DA:30,9
DA:31,9
DA:32,3
DA:33,37
DA:34,28
DA:35,2
DA:36,37
DA:38,1
DA:39,9
DA:40,9
DA:41,3
DA:42,37
DA:43,32
DA:44,2
DA:45,40
DA:47,1
DA:48,9
DA:49,9
DA:50,3
DA:51,38
DA:52,33
DA:53,2
DA:54,35
DA:57,1
DA:58,9
DA:59,9
DA:60,3
DA:61,39
DA:62,30
DA:63,11
DA:65,18
DA:66,54
DA:68,18
DA:69,41
DA:70,64
DA:71,2
DA:72,10
DA:73,41
DA:75,18
DA:76,43
DA:77,41
DA:78,30
DA:79,30
DA:80,4
DA:81,9
DA:83,12
DA:84,39
DA:85,30
DA:86,4
DA:87,47
LF:71
LH:71
end_of_record
TN:
SF:src/commands/CacheDuration.ts
FNF:1
FNH:1
DA:1,16
DA:2,8
DA:3,10
DA:4,11
DA:5,11
DA:6,2
DA:8,16
DA:9,50
DA:10,18
DA:11,36
DA:12,2
DA:13,52
LF:12
LH:12
end_of_record
TN:
SF:src/commands/CacheEntryLookup.ts
FNF:8
FNH:8
DA:1,75
DA:4,23
DA:5,47
DA:6,59
DA:7,10
DA:10,23
DA:11,41
DA:12,58
DA:13,37
DA:14,2
DA:15,12
DA:18,23
DA:19,35
DA:20,15
DA:21,37
DA:22,2
DA:23,12
DA:26,18
DA:27,41
DA:28,31
DA:29,47
DA:30,1
DA:33,13
DA:34,49
DA:35,31
DA:36,2
DA:37,72
DA:40,10
DA:41,37
LF:29
LH:29
end_of_record
TN:
SF:src/commands/CachePut.ts
FNF:10
FNH:10
DA:3,88
DA:9,43
DA:10,43
DA:14,6
DA:15,9
DA:16,6
DA:17,3
DA:18,29
DA:19,52
DA:20,2
DA:21,36
DA:24,19
DA:25,12
DA:26,21
DA:27,60
DA:28,48
DA:29,47
DA:30,2
DA:33,26
DA:34,47
DA:35,51
DA:36,38
DA:37,34
DA:38,9
DA:41,22
DA:42,28
DA:43,13
DA:44,15
DA:45,15
DA:46,19
DA:47,1
DA:50,24
DA:51,19
DA:52,61
DA:55,13
DA:56,36
DA:57,27
DA:58,2
DA:59,44
DA:60,35
DA:61,1
DA:64,1
DA:65,9
DA:66,10
DA:67,6
DA:68,3
DA:69,30
DA:70,44
DA:71,3
DA:74,1
DA:75,9
DA:76,10
DA:77,6
DA:78,3
DA:79,18
DA:80,34
DA:81,2
DA:82,28
LF:58
LH:58
end_of_record
TN:
SF:src/commands/CacheRequestParsing.ts
FNF:3
FNH:3
DA:3,40
DA:5,6
DA:6,9
DA:7,6
DA:8,3
DA:9,27
DA:10,32
DA:11,2
DA:12,37
DA:15,19
DA:16,53
DA:17,35
DA:18,2
DA:19,26
DA:20,26
DA:21,1
DA:24,19
DA:25,12
DA:26,23
DA:27,41
DA:28,1
LF:21
LH:21
end_of_record
TN:
SF:src/commands/CatCommand.ts
FNF:2
FNH:2
DA:1,87
DA:7,1
DA:8,23
DA:9,49
DA:10,122
DA:12,2
LF:6
LH:6
end_of_record
TN:
SF:src/commands/CdCommand.ts
FNF:2
FNH:2
DA:6,1
DA:7,23
DA:8,49
DA:9,106
DA:10,24
DA:12,1
LF:6
LH:6
end_of_record
TN:
SF:src/commands/DateCommand.ts
FNF:2
FNH:2
DA:6,1
DA:7,23
DA:8,37
DA:9,86
DA:11,1
LF:5
LH:5
end_of_record
TN:
SF:src/commands/EchoCommand.ts
FNF:2
FNH:2
DA:6,1
DA:7,23
DA:8,51
DA:9,48
DA:11,1
LF:5
LH:5
end_of_record
TN:
SF:src/commands/FalseCommand.ts
FNF:2
FNH:2
DA:4,1
DA:5,23
DA:6,23
DA:7,54
DA:9,1
LF:5
LH:5
end_of_record
TN:
SF:src/commands/FilesystemCommands.ts
FNF:2
FNH:2
DA:2,72
DA:3,42
DA:4,52
DA:5,40
DA:7,11
DA:8,60
DA:11,6
DA:12,59
LF:8
LH:8
end_of_record
TN:
SF:src/commands/FilesystemMutatorCommands.ts
FNF:1
FNH:1
DA:1,46
DA:2,46
DA:3,40
DA:4,46
DA:5,40
DA:6,46
DA:8,11
DA:9,12
DA:10,21
DA:11,21
DA:12,18
DA:13,21
DA:14,18
DA:15,18
DA:16,1
LF:15
LH:15
end_of_record
TN:
SF:src/commands/GrepCommand.ts
FNF:5
FNH:5
DA:3,101
DA:8,1
DA:9,23
DA:10,49
DA:11,78
DA:12,98
DA:13,136
DA:14,23
DA:16,33
DA:17,76
DA:18,99
DA:19,59
DA:20,107
DA:21,9
DA:22,133
DA:24,46
DA:25,108
DA:27,2
LF:18
LH:18
end_of_record
TN:
SF:src/commands/HeadCommand.ts
FNF:5
FNH:5
DA:3,115
DA:8,1
DA:9,23
DA:10,49
DA:11,149
DA:13,50
DA:14,127
DA:16,29
DA:17,65
DA:19,28
DA:20,62
DA:22,2
LF:12
LH:12
end_of_record
TN:
SF:src/commands/HelpCommand.ts
FNF:2
FNH:2
DA:6,1
DA:7,23
DA:8,37
DA:9,48
DA:11,1
LF:5
LH:5
end_of_record
TN:
SF:src/commands/InspectCommand.ts
FNF:2
FNH:2
DA:1,87
DA:7,1
DA:8,23
DA:9,49
DA:10,110
DA:11,58
DA:12,22
DA:13,62
DA:14,74
DA:15,10
DA:17,2
LF:11
LH:11
end_of_record
TN:
SF:src/commands/InspectionCommands.ts
FNF:1
FNH:1
DA:2,44
DA:3,46
DA:4,50
DA:5,50
DA:7,11
DA:8,12
DA:9,20
DA:10,21
DA:11,23
DA:12,20
DA:13,1
LF:11
LH:11
end_of_record
TN:
SF:src/commands/LnCommand.ts
FNF:3
FNH:3
DA:6,1
DA:7,23
DA:8,49
DA:9,50
DA:10,16
DA:11,58
DA:12,6
DA:13,9
DA:14,58
DA:15,25
DA:18,46
DA:19,112
DA:20,142
DA:21,67
DA:23,1
LF:15
LH:15
end_of_record
TN:
SF:src/commands/LsCommand.ts
FNF:2
FNH:2
DA:6,1
DA:7,23
DA:8,49
DA:9,128
DA:11,1
LF:5
LH:5
end_of_record
TN:
SF:src/commands/LstatCommand.ts
FNF:2
FNH:2
DA:1,87
DA:7,1
DA:8,23
DA:9,49
DA:10,136
DA:12,2
LF:6
LH:6
end_of_record
TN:
SF:src/commands/MkdirCommand.ts
FNF:2
FNH:2
DA:1,87
DA:7,1
DA:8,23
DA:9,49
DA:10,114
DA:11,24
DA:13,2
LF:7
LH:7
end_of_record
TN:
SF:src/commands/MountLifecycle.ts
FNF:5
FNH:5
DA:3,24
DA:4,34
DA:5,37
DA:6,2
DA:7,16
DA:8,153
DA:11,1
DA:14,17
DA:15,13
DA:16,61
DA:17,2
DA:18,73
DA:30,13
DA:31,39
DA:32,48
DA:33,61
DA:36,17
DA:37,41
DA:38,35
DA:39,26
LF:20
LH:20
end_of_record
TN:
SF:src/commands/MountsCommand.ts
FNF:2
FNH:2
DA:6,1
DA:8,23
DA:9,49
DA:10,47
DA:11,32
DA:12,124
DA:13,7
DA:14,9
DA:15,70
DA:17,1
LF:10
LH:10
end_of_record
TN:
SF:src/commands/OriginsCommand.ts
FNF:2
FNH:2
DA:1,87
DA:7,1
DA:8,23
DA:9,49
DA:10,146
DA:12,2
LF:6
LH:6
end_of_record
TN:
SF:src/commands/PluginCommands.ts
FNF:1
FNH:1
DA:2,48
DA:3,50
DA:4,66
DA:6,11
DA:7,12
DA:8,22
DA:9,23
DA:10,28
DA:11,1
LF:9
LH:9
end_of_record
TN:
SF:src/commands/PluginLifecycleCommand.ts
FNF:2
FNH:2
DA:2,89
DA:7,1
DA:9,23
DA:10,49
DA:11,68
DA:13,2
LF:6
LH:6
end_of_record
TN:
SF:src/commands/PluginsCommand.ts
FNF:8
FNH:8
DA:10,1
DA:12,23
DA:13,49
DA:14,101
DA:15,75
DA:16,9
DA:17,65
DA:20,50
DA:21,100
DA:23,1
DA:25,53
DA:26,59
DA:27,145
DA:28,5
DA:29,63
DA:30,81
DA:31,5
DA:32,75
DA:35,56
DA:36,22
DA:37,52
DA:38,5
DA:39,111
DA:42,61
DA:43,59
DA:44,105
DA:45,5
DA:46,131
DA:49,45
DA:50,101
DA:53,33
DA:54,32
DA:55,144
DA:56,5
LF:34
LH:34
end_of_record
TN:
SF:src/commands/PrintfCommand.ts
FNF:2
FNH:2
DA:6,1
DA:7,23
DA:8,51
DA:9,46
DA:11,1
LF:5
LH:5
end_of_record
TN:
SF:src/commands/PwdCommand.ts
FNF:2
FNH:2
DA:6,1
DA:7,23
DA:8,37
DA:9,46
DA:11,1
LF:5
LH:5
end_of_record
TN:
SF:src/commands/ReadOnlySource.ts
FNF:5
FNH:5
DA:3,50
DA:4,45
DA:6,17
DA:7,50
DA:8,33
DA:9,14
DA:12,18
DA:13,61
DA:14,60
DA:15,2
DA:16,34
DA:19,10
DA:20,71
DA:23,10
DA:24,34
DA:25,33
DA:26,2
DA:27,38
DA:28,38
DA:29,1
LF:20
LH:20
end_of_record
TN:
SF:src/commands/ReadlinkCommand.ts
FNF:2
FNH:2
DA:1,87
DA:7,1
DA:8,23
DA:9,49
DA:10,130
DA:12,2
LF:6
LH:6
end_of_record
TN:
SF:src/commands/RmCommand.ts
FNF:3
FNH:3
DA:1,87
DA:7,1
DA:8,23
DA:9,49
DA:10,130
DA:11,43
DA:12,58
DA:13,27
DA:14,59
DA:16,24
DA:18,2
DA:20,64
DA:21,74
DA:22,149
DA:23,55
LF:15
LH:15
end_of_record
TN:
SF:src/commands/RmdirCommand.ts
FNF:2
FNH:2
DA:1,87
DA:7,1
DA:8,23
DA:9,49
DA:10,114
DA:11,24
DA:13,2
LF:7
LH:7
end_of_record
TN:
SF:src/commands/SessionCommands.ts
FNF:3
FNH:3
DA:2,44
DA:3,50
DA:4,48
DA:5,44
DA:6,44
DA:7,46
DA:8,44
DA:9,48
DA:10,42
DA:11,40
DA:13,11
DA:14,46
DA:17,6
DA:18,12
DA:19,20
DA:20,23
DA:21,22
DA:22,17
DA:23,1
DA:26,6
DA:27,12
DA:28,20
DA:29,21
DA:30,20
DA:31,22
DA:32,19
DA:33,15
DA:34,1
LF:28
LH:28
end_of_record
TN:
SF:src/commands/StatCommand.ts
FNF:2
FNH:2
DA:1,87
DA:7,1
DA:8,23
DA:9,49
DA:10,122
DA:12,2
LF:6
LH:6
end_of_record
TN:
SF:src/commands/TailCommand.ts
FNF:5
FNH:5
DA:3,115
DA:8,1
DA:9,23
DA:10,49
DA:11,145
DA:13,50
DA:14,127
DA:16,29
DA:17,65
DA:19,28
DA:20,62
DA:22,2
LF:12
LH:12
end_of_record
TN:
SF:src/commands/TextCommandHelpers.ts
FNF:3
FNH:3
DA:1,16
DA:2,39
DA:5,24
DA:6,58
DA:7,52
DA:8,2
DA:9,23
DA:12,24
DA:13,28
DA:14,16
DA:15,45
DA:16,2
DA:17,12
LF:13
LH:13
end_of_record
TN:
SF:src/commands/TextCommands.ts
FNF:1
FNH:1
DA:2,44
DA:3,44
DA:4,44
DA:5,40
DA:7,11
DA:8,12
DA:9,20
DA:10,20
DA:11,20
DA:12,15
DA:13,1
LF:11
LH:11
end_of_record
TN:
SF:src/commands/TouchCommand.ts
FNF:2
FNH:2
DA:1,87
DA:7,1
DA:8,23
DA:9,49
DA:10,114
DA:11,24
DA:13,2
LF:7
LH:7
end_of_record
TN:
SF:src/commands/TraceCommands.ts
FNF:15
FNH:15
DA:1,30
DA:3,54
DA:8,11
DA:9,58
DA:12,6
DA:13,12
DA:14,20
DA:15,66
DA:16,21
DA:17,60
DA:18,1
DA:20,18
DA:21,39
DA:22,64
DA:23,70
DA:24,58
DA:25,9
DA:27,6
DA:28,12
DA:29,20
DA:30,55
DA:31,21
DA:32,50
DA:33,1
DA:35,18
DA:36,53
DA:37,56
DA:38,56
DA:39,9
DA:41,6
DA:42,12
DA:43,18
DA:44,25
DA:45,22
DA:46,45
DA:47,1
DA:49,18
DA:50,26
DA:51,36
DA:52,2
DA:53,48
DA:55,1
DA:56,9
DA:57,6
DA:58,7
DA:59,9
DA:60,3
DA:61,62
DA:64,10
DA:65,31
DA:66,38
DA:67,2
DA:68,24
DA:69,36
DA:70,49
DA:71,2
DA:72,42
LF:57
LH:57
end_of_record
TN:
SF:src/commands/TrueCommand.ts
FNF:2
FNH:2
DA:4,1
DA:5,23
DA:6,23
DA:7,24
DA:9,1
LF:5
LH:5
end_of_record
TN:
SF:src/commands/UnionCommand.ts
FNF:4
FNH:4
DA:1,87
DA:7,1
DA:8,23
DA:9,49
DA:10,75
DA:12,49
DA:13,142
DA:14,130
DA:15,24
DA:17,2
LF:10
LH:10
end_of_record
TN:
SF:src/commands/VersionCommand.ts
FNF:2
FNH:2
DA:1,83
DA:6,1
DA:7,23
DA:8,23
DA:9,54
DA:11,2
LF:6
LH:6
end_of_record
TN:
SF:src/commands/WcCommand.ts
FNF:3
FNH:3
DA:3,101
DA:8,1
DA:9,23
DA:10,49
DA:11,87
DA:13,47
DA:14,152
DA:16,2
LF:8
LH:8
end_of_record
TN:
SF:src/commands/WhoamiCommand.ts
FNF:2
FNH:2
DA:6,1
DA:7,23
DA:8,37
DA:9,48
DA:11,1
LF:5
LH:5
end_of_record
TN:
SF:src/commands/WorkspaceCommandOption.ts
FNF:2
FNH:2
DA:3,21
DA:4,35
DA:5,19
DA:6,24
DA:7,2
DA:8,26
DA:9,43
DA:10,2
DA:11,28
DA:14,17
DA:15,67
DA:16,30
LF:12
LH:12
end_of_record
TN:
SF:src/commands/WorkspaceLiteracyArgs.ts
FNF:8
FNH:8
DA:2,50
DA:4,15
DA:5,54
DA:6,55
DA:7,12
DA:8,17
DA:9,29
DA:10,25
DA:11,22
DA:12,2
DA:15,15
DA:16,54
DA:17,56
DA:18,54
DA:19,34
DA:20,52
DA:30,7
DA:31,12
DA:32,17
DA:33,17
DA:34,23
DA:35,27
DA:36,24
DA:37,2
DA:40,15
DA:41,12
DA:42,17
DA:43,33
DA:44,25
DA:45,2
DA:48,15
DA:49,49
DA:50,12
DA:51,17
DA:52,29
DA:53,30
DA:54,22
DA:55,1
DA:58,17
DA:59,28
DA:60,16
DA:61,43
DA:62,2
DA:63,12
DA:65,11
DA:66,29
DA:67,6
DA:68,2
DA:69,36
DA:70,42
DA:71,2
DA:72,21
DA:75,51
DA:77,11
DA:78,59
DA:79,12
DA:80,2
DA:81,59
LF:58
LH:58
end_of_record
TN:
SF:src/commands/WorkspaceLiteracyCommands.ts
FNF:10
FNH:10
DA:1,72
DA:8,65
DA:10,11
DA:11,12
DA:12,26
DA:13,26
DA:14,26
DA:15,23
DA:16,1
DA:19,1
DA:20,6
DA:21,11
DA:22,3
DA:23,72
DA:26,15
DA:27,25
DA:28,39
DA:31,24
DA:32,62
DA:35,16
DA:36,30
DA:37,49
DA:38,23
DA:39,22
DA:40,17
DA:43,11
DA:44,30
DA:45,21
DA:46,23
DA:47,36
DA:48,2
DA:51,12
DA:52,38
LF:33
LH:33
end_of_record
TN:
SF:src/commands/builtins.ts
FNF:4
FNH:4
DA:2,58
DA:3,58
DA:4,52
DA:5,46
DA:6,48
DA:7,48
DA:8,50
DA:9,52
DA:10,72
DA:12,11
DA:13,53
DA:16,6
DA:17,12
DA:18,25
DA:19,28
DA:20,22
DA:21,28
DA:22,32
DA:23,1
DA:26,6
DA:27,12
DA:28,24
DA:29,23
DA:30,23
DA:31,55
DA:32,1
LF:26
LH:26
end_of_record
TN:
SF:src/commands/commandPath.ts
FNF:1
FNH:1
DA:4,6
DA:5,9
DA:6,6
DA:7,6
DA:8,3
DA:9,55
LF:6
LH:6
end_of_record
TN:
SF:src/commands/registry.ts
FNF:1
FNH:1
DA:2,38
DA:4,11
DA:5,17
LF:3
LH:3
end_of_record
TN:
SF:src/core/Clock.ts
FNF:1
FNH:1
DA:5,48
LF:1
LH:1
end_of_record
TN:
SF:src/core/PathResolver.ts
FNF:4
FNH:4
DA:4,15
DA:5,42
DA:8,21
DA:9,33
DA:10,15
DA:11,2
DA:12,66
DA:15,10
DA:16,27
DA:19,19
DA:20,82
DA:23,45
LF:12
LH:12
end_of_record
TN:
SF:src/core/SyncedFileIO.ts
FNF:3
FNH:3
DA:1,72
DA:2,36
DA:4,21
DA:5,41
DA:6,9
DA:7,36
DA:8,33
DA:9,5
DA:10,26
DA:14,21
DA:15,41
DA:16,9
DA:17,36
DA:18,33
DA:19,5
DA:20,26
DA:24,15
DA:25,50
DA:26,9
DA:27,33
DA:28,5
DA:29,25
LF:22
LH:22
end_of_record
TN:
SF:src/core/errors.ts
FNF:2
FNH:2
DA:1,22
DA:2,44
DA:3,42
DA:4,33
DA:5,38
DA:6,45
DA:7,40
DA:8,38
DA:9,45
DA:10,40
DA:11,43
DA:12,48
DA:13,40
DA:14,2
DA:16,18
DA:17,7
DA:18,65
DA:19,15
LF:18
LH:18
end_of_record
TN:
SF:src/core/version.ts
FNF:1
FNH:1
DA:1,30
LF:1
LH:1
end_of_record
TN:
SF:src/daemon.ts
FNF:13
FNH:13
DA:1,52
DA:2,36
DA:3,51
DA:4,80
DA:8,18
DA:9,37
DA:10,12
DA:11,14
DA:12,38
DA:13,32
DA:14,2
DA:17,14
DA:18,9
DA:19,58
DA:20,19
DA:21,23
DA:22,7
DA:26,6
DA:27,6
DA:28,9
DA:29,11
DA:30,3
DA:31,46
DA:32,80
DA:33,13
DA:36,26
DA:37,75
DA:38,40
DA:39,2
DA:42,14
DA:43,9
DA:44,25
DA:45,12
DA:46,11
DA:47,13
DA:51,14
DA:52,38
DA:53,40
DA:54,12
DA:55,2
DA:56,29
DA:59,9
DA:60,25
DA:61,6
LF:44
LH:44
end_of_record
TN:
SF:src/index.ts
FNF:14
FNH:14
DA:12,242
DA:20,98
DA:21,144
DA:22,116
DA:27,108
DA:28,142
DA:30,87
DA:52,53
DA:54,51
DA:55,82
DA:58,30
DA:59,65
DA:62,30
DA:63,80
DA:64,49
DA:65,79
DA:66,9
DA:67,47
DA:70,33
DA:71,61
DA:73,38
DA:74,71
DA:76,54
DA:77,87
DA:80,41
DA:81,84
DA:84,30
DA:85,73
DA:87,35
DA:88,83
DA:90,51
DA:91,81
DA:93,39
DA:94,69
DA:96,43
DA:97,77
DA:99,48
DA:100,86
DA:102,2
LF:39
LH:39
end_of_record
TN:
SF:src/lang/CommandAst.ts
FNF:6
FNH:6
DA:5,27
DA:6,15
DA:7,22
DA:9,32
DA:10,41
DA:12,21
DA:13,35
DA:15,1
DA:17,19
DA:18,28
DA:19,35
DA:20,46
DA:21,2
DA:22,15
DA:23,18
DA:24,52
DA:25,1
DA:28,19
DA:29,12
DA:30,20
DA:31,31
DA:32,43
DA:33,1
LF:23
LH:23
end_of_record
TN:
SF:src/lang/ExpressionAst.ts
FNF:5
FNH:5
DA:4,30
DA:5,24
DA:6,33
DA:8,24
DA:9,33
DA:11,27
DA:12,19
DA:14,15
DA:15,69
DA:17,1
DA:19,27
DA:20,12
DA:21,19
DA:22,13
DA:23,21
DA:24,20
DA:25,1
LF:17
LH:17
end_of_record
TN:
SF:src/lang/Interpreter.ts
FNF:3
FNH:3
DA:1,60
DA:2,124
DA:4,84
DA:5,72
DA:6,95
DA:10,1
DA:11,27
DA:12,94
DA:13,104
DA:14,90
DA:15,40
DA:16,34
DA:17,34
DA:18,14
DA:21,31
DA:22,100
DA:23,65
DA:24,105
DA:25,9
DA:26,90
DA:28,2
DA:30,58
DA:31,52
DA:34,66
DA:35,47
LF:25
LH:25
end_of_record
TN:
SF:src/lang/WordAst.ts
FNF:11
FNH:11
DA:6,24
DA:10,1
DA:11,9
DA:12,7
DA:13,12
DA:14,6
DA:15,13
DA:16,8
DA:17,5
DA:18,55
DA:20,1
DA:21,9
DA:22,7
DA:23,9
DA:24,8
DA:25,5
DA:26,57
DA:28,21
DA:29,54
DA:31,1
DA:33,9
DA:34,11
DA:35,10
DA:36,5
DA:37,67
DA:39,32
DA:40,28
DA:42,12
DA:43,19
DA:45,19
DA:46,54
DA:48,14
DA:49,40
DA:53,1
DA:55,9
DA:56,8
DA:57,13
DA:58,7
DA:59,11
DA:60,5
DA:61,53
DA:63,1
DA:65,11
DA:66,12
DA:67,21
DA:68,47
DA:69,1
LF:47
LH:47
end_of_record
TN:
SF:src/lang/Yash.ohm
FNF:1
FNH:1
DA:1,1003
LF:1
LH:1
end_of_record
TN:
SF:src/lang/evaluate.ts
FNF:13
FNH:13
DA:10,21
DA:11,38
DA:12,23
DA:13,2
DA:14,51
DA:15,53
DA:16,63
DA:21,6
DA:22,6
DA:23,12
DA:24,3
DA:25,61
DA:26,35
DA:27,2
DA:28,36
DA:31,1
DA:32,6
DA:33,12
DA:34,3
DA:35,33
DA:36,34
DA:37,27
DA:40,23
DA:41,66
DA:44,6
DA:45,6
DA:46,12
DA:47,3
DA:48,61
DA:49,35
DA:50,2
DA:51,41
DA:54,1
DA:55,6
DA:56,12
DA:57,3
DA:58,33
DA:59,39
DA:60,42
DA:63,1
DA:64,6
DA:65,12
DA:66,3
DA:67,37
DA:68,37
DA:69,43
DA:72,22
DA:73,74
DA:76,1
DA:77,7
DA:78,11
DA:79,3
DA:80,36
DA:81,54
DA:82,4
DA:83,25
DA:86,1
DA:87,6
DA:88,12
DA:89,3
DA:90,37
DA:91,37
DA:92,43
LF:63
LH:63
end_of_record
TN:
SF:src/mcp/BoundedToolSet.ts
FNF:1
FNH:1
DA:5,36
DA:6,14
DA:7,14
DA:8,17
DA:9,14
DA:10,14
DA:11,14
DA:12,14
DA:13,14
DA:14,18
DA:15,2
DA:17,11
DA:18,34
LF:13
LH:13
end_of_record
TN:
SF:src/mcp/EvidenceTools.ts
FNF:12
FNH:12
DA:10,11
DA:11,38
DA:14,22
DA:15,32
DA:16,16
DA:17,25
DA:18,16
DA:19,9
DA:22,6
DA:23,80
DA:24,72
DA:25,15
DA:26,34
DA:27,2
DA:30,6
DA:31,67
DA:32,73
DA:33,15
DA:34,39
DA:35,2
DA:43,29
DA:44,55
DA:47,10
DA:48,12
DA:49,19
DA:50,32
DA:51,32
DA:52,25
DA:53,1
DA:56,11
DA:57,12
DA:58,20
DA:59,31
DA:60,35
DA:61,37
DA:62,1
DA:65,11
DA:66,12
DA:67,20
DA:68,35
DA:69,38
DA:70,1
DA:73,11
DA:74,61
DA:75,53
DA:76,2
DA:77,12
DA:80,6
DA:81,25
DA:83,6
DA:84,38
DA:86,11
DA:87,56
DA:88,12
DA:89,2
DA:90,43
LF:56
LH:56
end_of_record
TN:
SF:src/mcp/LiteracyOperationParsing.ts
FNF:13
FNH:13
DA:5,16
DA:6,12
DA:7,17
DA:8,22
DA:9,40
DA:10,37
DA:11,2
DA:14,16
DA:15,12
DA:16,17
DA:17,22
DA:18,43
DA:19,35
DA:20,37
DA:21,2
DA:24,16
DA:25,12
DA:26,17
DA:27,22
DA:28,39
DA:29,2
DA:32,16
DA:33,12
DA:34,17
DA:35,43
DA:36,30
DA:37,37
DA:38,2
DA:41,16
DA:42,12
DA:43,17
DA:44,32
DA:45,34
DA:46,37
DA:47,1
DA:50,11
DA:51,28
DA:54,11
DA:55,61
DA:56,53
DA:57,2
DA:58,12
DA:61,11
DA:62,31
DA:63,41
DA:64,2
DA:65,32
DA:67,11
DA:68,35
DA:69,41
DA:70,2
DA:71,12
DA:74,11
DA:75,78
DA:76,12
DA:77,2
DA:78,58
DA:81,11
DA:82,58
DA:83,12
DA:84,2
DA:85,41
DA:87,11
DA:88,56
DA:89,12
DA:90,2
DA:91,43
DA:93,11
DA:94,29
DA:95,6
DA:96,2
DA:97,74
DA:98,12
DA:99,2
DA:100,59
LF:75
LH:75
end_of_record
TN:
SF:src/mcp/LiteracyToolSchemas.ts
FNF:11
FNH:11
DA:7,11
DA:8,76
DA:9,72
DA:10,15
DA:11,20
DA:12,3
DA:15,11
DA:16,24
DA:17,19
DA:18,22
DA:19,19
DA:20,18
DA:21,4
DA:22,33
DA:25,16
DA:26,61
DA:27,15
DA:28,20
DA:29,3
DA:32,11
DA:33,61
DA:34,70
DA:35,15
DA:36,33
DA:37,3
DA:40,11
DA:41,24
DA:42,22
DA:43,46
DA:44,18
DA:45,4
DA:46,33
DA:49,16
DA:50,69
DA:51,15
DA:52,32
DA:53,3
DA:56,11
DA:57,75
DA:58,75
DA:59,15
DA:60,29
DA:61,2
DA:69,29
DA:70,55
DA:73,10
DA:74,12
DA:75,19
DA:76,32
DA:77,32
DA:78,25
DA:79,1
DA:82,6
DA:83,25
DA:85,6
DA:86,38
LF:56
LH:56
end_of_record
TN:
SF:src/mcp/LiteracyTools.ts
FNF:2
FNH:2
DA:2,93
DA:10,78
DA:21,11
DA:22,68
DA:26,18
DA:27,20
DA:28,20
DA:29,20
DA:30,20
DA:31,18
DA:32,2
DA:34,22
DA:35,29
LF:13
LH:13
end_of_record
TN:
SF:src/mcp/McpRequest.ts
FNF:4
FNH:4
DA:3,16
DA:4,39
DA:5,27
DA:6,0
DA:7,2
DA:8,14
DA:11,13
DA:12,93
DA:15,8
DA:16,90
DA:19,11
DA:20,40
DA:21,0
DA:22,2
DA:23,12
LF:15
LH:13
end_of_record
TN:
SF:src/mcp/OrientationTools.ts
FNF:4
FNH:4
DA:10,11
DA:11,25
DA:14,6
DA:15,6
DA:16,8
DA:17,3
DA:18,68
DA:21,30
DA:22,187
DA:26,6
DA:27,12
DA:28,28
DA:29,40
DA:30,28
DA:31,1
DA:34,6
DA:35,12
DA:36,19
DA:37,32
DA:38,19
DA:39,14
DA:40,1
LF:22
LH:22
end_of_record
TN:
SF:src/mcp/PathTools.ts
FNF:8
FNH:8
DA:11,21
DA:12,22
DA:13,22
DA:14,26
DA:15,2
DA:17,11
DA:18,47
DA:21,6
DA:22,6
DA:23,7
DA:24,3
DA:25,37
DA:26,75
DA:29,6
DA:30,12
DA:31,13
DA:32,56
DA:33,1
DA:36,6
DA:37,12
DA:38,13
DA:39,54
DA:40,1
DA:43,6
DA:44,12
DA:45,16
DA:46,61
DA:47,1
DA:50,23
DA:51,24
DA:52,62
DA:53,4
DA:54,71
DA:57,26
DA:58,76
DA:61,11
DA:62,26
DA:63,72
DA:64,53
DA:65,2
DA:66,11
LF:41
LH:41
end_of_record
TN:
SF:src/mcp/QueryTool.ts
FNF:4
FNH:4
DA:1,60
DA:10,11
DA:11,12
DA:12,23
DA:13,56
DA:14,28
DA:15,1
DA:18,6
DA:19,52
DA:20,12
DA:21,19
DA:22,32
DA:23,15
DA:24,22
DA:25,2
DA:28,16
DA:29,44
DA:32,11
DA:33,42
DA:34,42
DA:35,2
DA:36,19
LF:22
LH:22
end_of_record
TN:
SF:src/mcp/ScopedMcpClient.ts
FNF:17
FNH:17
DA:6,98
DA:8,104
DA:9,85
DA:20,1
DA:22,13
DA:23,60
DA:24,66
DA:25,32
DA:26,10
DA:27,92
DA:30,39
DA:31,44
DA:32,128
DA:33,14
DA:36,39
DA:37,48
DA:38,81
DA:39,77
DA:40,9
DA:41,62
DA:42,125
DA:45,18
DA:46,17
DA:47,10
DA:48,110
DA:49,43
DA:50,11
DA:51,118
DA:54,40
DA:55,74
DA:56,135
DA:59,28
DA:60,40
DA:61,91
DA:62,147
DA:63,9
DA:64,77
DA:65,101
DA:66,9
DA:69,42
DA:70,152
DA:71,53
DA:72,145
DA:73,9
DA:76,36
DA:77,116
DA:78,57
DA:85,33
DA:86,74
DA:87,139
DA:90,35
DA:91,144
DA:92,62
DA:94,2
DA:96,58
DA:97,78
DA:98,133
DA:101,57
DA:102,96
DA:103,55
DA:104,25
DA:105,5
DA:106,158
DA:107,147
LF:64
LH:64
end_of_record
TN:
SF:src/mcp/ScopedMcpPaths.ts
FNF:2
FNH:2
DA:5,18
DA:6,33
DA:7,36
DA:8,2
DA:9,55
DA:14,13
DA:15,36
DA:16,23
DA:17,2
DA:18,51
LF:10
LH:10
end_of_record
TN:
SF:src/mcp/ScopedStartHere.ts
FNF:16
FNH:16
DA:1,49
DA:13,6
DA:14,7
DA:15,7
DA:16,3
DA:17,57
DA:20,19
DA:21,12
DA:22,17
DA:23,10
DA:24,46
DA:25,45
DA:26,43
DA:27,1
DA:33,1
DA:34,8
DA:35,7
DA:36,3
DA:37,31
DA:38,47
DA:39,1
DA:42,21
DA:43,45
DA:44,39
DA:45,7
DA:46,41
DA:47,37
DA:51,1
DA:52,7
DA:53,8
DA:54,3
DA:55,54
DA:58,18
DA:59,39
DA:60,73
DA:63,1
DA:64,6
DA:65,8
DA:66,3
DA:67,35
DA:68,40
DA:69,40
DA:70,4
DA:71,61
DA:74,22
DA:75,58
DA:78,11
DA:79,12
DA:80,72
DA:81,67
DA:82,1
LF:51
LH:51
end_of_record
TN:
SF:src/mcp/Server.ts
FNF:14
FNH:14
DA:1,102
DA:8,84
DA:10,73
DA:13,13
DA:14,66
DA:15,108
DA:16,10
DA:18,34
DA:19,76
DA:20,73
DA:21,17
DA:22,9
DA:23,114
DA:26,10
DA:27,18
DA:28,10
DA:29,110
DA:30,37
DA:31,75
DA:32,9
DA:33,71
DA:36,42
DA:37,71
DA:38,45
DA:39,9
DA:40,71
DA:41,141
DA:42,9
DA:43,19
DA:46,33
DA:47,124
DA:50,14
DA:51,17
DA:52,10
DA:53,87
DA:54,111
DA:55,9
DA:56,150
DA:59,34
DA:60,92
DA:61,81
DA:62,131
DA:63,9
DA:64,124
DA:66,2
DA:68,48
DA:69,77
DA:71,59
DA:72,113
DA:75,31
DA:76,24
DA:77,40
DA:78,104
DA:79,104
DA:80,5
DA:83,40
DA:84,80
DA:85,78
DA:86,53
DA:87,5
DA:88,117
DA:91,39
DA:94,6
DA:95,86
DA:96,52
DA:97,5
DA:98,27
LF:67
LH:67
end_of_record
TN:
SF:src/mcp/Tools.ts
FNF:12
FNH:12
DA:3,67
DA:4,67
DA:5,76
DA:6,55
DA:7,54
DA:11,11
DA:12,12
DA:13,19
DA:14,23
DA:15,23
DA:16,26
DA:17,13
DA:18,2
DA:21,6
DA:22,8
DA:23,6
DA:24,7
DA:25,3
DA:26,54
DA:29,24
DA:30,65
DA:31,43
DA:34,17
DA:35,30
DA:36,21
DA:37,34
DA:38,34
DA:39,37
DA:40,26
DA:43,17
DA:44,42
DA:45,19
DA:46,40
DA:47,2
DA:48,15
DA:51,11
DA:52,69
DA:53,51
DA:54,2
DA:55,12
DA:58,20
DA:59,15
DA:60,29
DA:61,31
DA:62,33
DA:63,22
DA:64,37
DA:65,2
DA:66,20
DA:69,10
DA:70,61
DA:72,16
DA:73,75
DA:75,11
DA:76,44
LF:55
LH:55
end_of_record
TN:
SF:src/mounts/DesiredMountChanges.ts
FNF:18
FNH:18
DA:2,103
DA:11,78
DA:13,6
DA:14,16
DA:15,20
DA:16,30
DA:17,10
DA:18,64
DA:19,118
DA:20,131
DA:23,44
DA:24,146
DA:25,50
DA:26,9
DA:29,17
DA:30,20
DA:31,16
DA:32,10
DA:33,55
DA:34,99
DA:35,143
DA:38,8
DA:39,12
DA:40,16
DA:41,10
DA:42,39
DA:43,93
DA:44,9
DA:45,121
DA:48,47
DA:49,14
DA:50,90
DA:51,87
DA:55,39
DA:56,28
DA:57,36
DA:58,44
DA:59,40
DA:60,52
DA:61,56
DA:62,9
DA:65,37
DA:66,28
DA:67,98
DA:68,40
DA:69,36
DA:70,48
DA:71,52
DA:72,9
DA:75,10
DA:76,20
DA:77,16
DA:78,14
DA:79,10
DA:80,116
DA:82,2
DA:84,37
DA:85,85
DA:88,28
DA:89,20
DA:90,16
DA:91,6
DA:92,28
DA:93,132
DA:94,111
LF:65
LH:65
end_of_record
TN:
SF:src/mounts/DesiredMountEntries.ts
FNF:5
FNH:5
DA:1,61
DA:5,17
DA:6,57
DA:9,12
DA:10,19
DA:11,18
DA:12,28
DA:13,22
DA:14,21
DA:15,4
DA:16,66
DA:19,12
DA:20,64
DA:23,12
DA:24,9
DA:25,31
DA:26,13
DA:27,11
DA:28,11
LF:19
LH:19
end_of_record
TN:
SF:src/mounts/DesiredMountPublish.ts
FNF:9
FNH:9
DA:23,6
DA:24,8
DA:25,8
DA:26,14
DA:27,11
DA:28,3
DA:29,36
DA:30,39
DA:31,48
DA:34,1
DA:35,8
DA:36,11
DA:37,4
DA:38,3
DA:39,60
DA:40,24
DA:43,1
DA:44,8
DA:45,8
DA:46,14
DA:47,10
DA:48,3
DA:49,60
DA:50,75
DA:51,58
DA:54,30
DA:55,46
DA:56,74
DA:59,35
DA:60,38
DA:61,26
DA:62,11
DA:63,29
DA:67,22
DA:68,64
DA:69,22
DA:70,42
DA:71,2
DA:72,18
DA:75,18
DA:76,35
LF:41
LH:41
end_of_record
TN:
SF:src/mounts/DesiredMounts.ts
FNF:21
FNH:21
DA:1,88
DA:3,86
DA:5,120
DA:6,108
DA:7,104
DA:8,177
DA:20,1
DA:22,13
DA:23,66
DA:24,28
DA:25,10
DA:26,58
DA:27,90
DA:28,113
DA:31,22
DA:32,91
DA:34,20
DA:35,78
DA:36,95
DA:38,69
DA:39,82
DA:40,102
DA:41,66
DA:42,73
DA:43,146
DA:44,9
DA:45,41
DA:47,52
DA:48,82
DA:49,114
DA:50,160
DA:51,34
DA:54,22
DA:55,101
DA:58,12
DA:59,16
DA:60,30
DA:61,10
DA:62,50
DA:63,44
DA:64,48
DA:65,10
DA:66,9
DA:69,32
DA:70,127
DA:71,23
DA:72,32
DA:75,24
DA:76,78
DA:77,32
DA:78,45
DA:79,9
DA:80,39
DA:82,22
DA:83,149
DA:85,28
DA:86,22
DA:87,77
DA:88,21
DA:89,38
DA:90,13
DA:91,7
DA:92,24
DA:95,33
DA:96,92
DA:98,34
DA:99,28
DA:100,68
DA:101,103
DA:102,88
DA:103,109
DA:104,8
DA:106,2
LF:73
LH:73
end_of_record
TN:
SF:src/mounts/Manifest.ts
FNF:9
FNH:9
DA:1,41
DA:3,52
DA:4,64
DA:5,41
DA:6,65
DA:7,53
DA:8,60
DA:9,60
DA:11,14
DA:14,3
DA:15,53
DA:16,12
DA:17,13
DA:18,77
DA:19,1
DA:22,11
DA:23,41
DA:24,59
DA:25,24
DA:27,10
DA:28,45
DA:29,60
DA:30,16
DA:31,59
DA:32,1
DA:33,2
DA:34,64
DA:37,18
DA:38,9
DA:39,28
DA:40,19
DA:41,41
DA:45,25
DA:46,41
DA:47,66
DA:48,14
DA:49,2
DA:52,11
DA:53,39
DA:54,5
DA:55,7
DA:56,75
DA:57,7
DA:58,4
DA:59,29
DA:60,28
DA:63,11
DA:64,37
DA:65,15
DA:66,30
DA:67,37
DA:68,44
DA:69,1
DA:74,21
DA:75,54
DA:76,12
DA:77,17
DA:78,54
DA:79,13
DA:80,22
DA:81,1
DA:84,21
DA:85,48
LF:63
LH:63
end_of_record
TN:
SF:src/mounts/ManifestErrorContext.ts
FNF:3
FNH:3
DA:1,23
DA:2,25
DA:3,72
DA:6,11
DA:7,45
DA:8,6
DA:9,2
DA:10,22
DA:11,45
DA:14,16
DA:15,44
LF:11
LH:11
end_of_record
TN:
SF:src/mounts/ManifestMountFields.ts
FNF:8
FNH:8
DA:2,44
DA:3,51
DA:4,47
DA:6,16
DA:7,21
DA:8,25
DA:9,36
DA:10,40
DA:16,8
DA:17,32
DA:18,38
DA:19,2
DA:20,24
DA:21,73
DA:22,1
DA:25,10
DA:26,29
DA:27,67
DA:28,1
DA:31,10
DA:32,27
DA:33,60
DA:34,1
DA:37,11
DA:38,58
DA:41,18
DA:42,14
DA:43,31
DA:44,67
DA:45,16
DA:46,59
DA:47,1
LF:32
LH:32
end_of_record
TN:
SF:src/mounts/ManifestMountPath.ts
FNF:6
FNH:6
DA:2,48
DA:3,44
DA:11,16
DA:12,46
DA:15,6
DA:16,7
DA:17,10
DA:18,14
DA:19,3
DA:20,30
DA:21,54
DA:24,1
DA:25,10
DA:26,14
DA:27,3
DA:28,68
DA:29,40
DA:32,14
DA:33,16
DA:34,82
DA:35,2
DA:38,15
DA:39,74
DA:40,17
DA:41,44
DA:42,2
DA:43,13
LF:27
LH:27
end_of_record
TN:
SF:src/mounts/ManifestPlugins.ts
FNF:2
FNH:2
DA:1,15
DA:2,65
DA:3,59
DA:4,2
DA:5,61
DA:8,17
DA:9,70
DA:10,59
DA:11,2
DA:12,66
LF:10
LH:10
end_of_record
TN:
SF:src/mounts/ManifestRefreshInterval.ts
FNF:2
FNH:2
DA:1,52
DA:3,16
DA:4,29
DA:5,6
DA:6,2
DA:7,43
DA:8,41
DA:9,38
DA:12,11
DA:13,35
DA:14,43
DA:15,2
DA:16,43
DA:17,16
DA:18,43
DA:19,2
DA:20,56
LF:17
LH:17
end_of_record
TN:
SF:src/mounts/ManifestValidation.ts
FNF:6
FNH:6
DA:1,22
DA:2,69
DA:3,34
DA:4,2
DA:5,13
DA:8,6
DA:9,7
DA:10,6
DA:11,6
DA:12,3
DA:13,72
DA:14,24
DA:15,57
DA:16,1
DA:19,25
DA:20,92
DA:23,16
DA:24,7
DA:25,29
DA:26,16
DA:27,26
DA:28,70
LF:22
LH:22
end_of_record
TN:
SF:src/mounts/ManifestYaml.ts
FNF:8
FNH:8
DA:1,37
DA:12,17
DA:13,42
DA:14,25
DA:15,30
DA:18,12
DA:19,34
DA:20,19
DA:21,21
DA:22,14
DA:23,2
DA:26,14
DA:27,65
DA:28,29
DA:29,58
DA:30,1
DA:33,14
DA:34,38
DA:35,9
DA:36,30
DA:37,19
DA:38,66
DA:39,16
DA:40,2
DA:44,14
DA:45,42
DA:48,11
DA:49,44
DA:52,10
DA:53,43
DA:54,6
DA:55,2
DA:56,21
DA:57,35
DA:58,74
DA:59,2
DA:60,23
DA:63,10
DA:64,40
DA:65,29
DA:66,30
LF:41
LH:41
end_of_record
TN:
SF:src/mounts/MissingDesiredMounts.ts
FNF:6
FNH:6
DA:1,89
DA:6,11
DA:7,51
DA:10,6
DA:11,12
DA:12,20
DA:13,23
DA:14,24
DA:15,38
DA:16,6
DA:17,38
DA:18,1
DA:21,6
DA:22,73
DA:23,57
LF:15
LH:15
end_of_record
TN:
SF:src/mounts/MountAudit.ts
FNF:5
FNH:5
DA:10,6
DA:11,13
DA:12,8
DA:13,6
DA:14,3
DA:15,56
DA:16,27
DA:17,21
DA:18,5
DA:28,6
DA:29,13
DA:30,6
DA:31,3
DA:32,72
DA:33,64
DA:36,1
DA:37,8
DA:38,8
DA:39,8
DA:40,3
DA:41,70
DA:44,6
DA:45,13
DA:46,8
DA:47,7
DA:48,3
DA:49,52
DA:50,23
DA:51,24
DA:52,5
DA:55,6
DA:56,13
DA:57,8
DA:58,7
DA:59,3
DA:60,49
DA:61,23
DA:62,25
DA:63,4
LF:39
LH:39
end_of_record
TN:
SF:src/mounts/MountEntryPublish.ts
FNF:8
FNH:8
DA:7,27
DA:8,34
DA:9,64
DA:10,19
DA:13,6
DA:14,8
DA:15,9
DA:16,3
DA:17,15
DA:18,11
DA:19,40
DA:20,43
DA:21,2
DA:36,6
DA:37,6
DA:38,8
DA:39,3
DA:40,53
DA:41,55
DA:42,44
DA:45,1
DA:46,8
DA:47,9
DA:48,7
DA:49,3
DA:50,65
DA:51,52
DA:54,3
DA:55,19
DA:56,9
DA:57,7
DA:58,3
DA:59,26
DA:60,68
DA:61,5
DA:62,43
LF:36
LH:36
end_of_record
TN:
SF:src/mounts/MountLifecycleOps.ts
FNF:4
FNH:4
DA:3,49
DA:4,61
DA:15,6
DA:16,6
DA:17,8
DA:18,7
DA:19,3
DA:20,37
DA:21,33
DA:22,14
DA:23,51
DA:33,24
DA:34,54
DA:35,33
DA:36,78
DA:37,14
DA:38,68
DA:39,39
DA:42,23
DA:43,37
DA:44,69
DA:45,13
LF:22
LH:22
end_of_record
TN:
SF:src/mounts/MountManager.ts
FNF:22
FNH:22
DA:7,108
DA:10,122
DA:11,94
DA:12,146
DA:17,134
DA:18,139
DA:35,1
DA:37,65
DA:38,126
DA:39,50
DA:40,72
DA:41,59
DA:42,75
DA:44,12
DA:45,154
DA:48,45
DA:49,96
DA:50,80
DA:51,88
DA:52,112
DA:53,76
DA:54,80
DA:55,86
DA:58,32
DA:59,118
DA:60,82
DA:61,127
DA:64,30
DA:65,86
DA:66,72
DA:67,64
DA:68,72
DA:69,106
DA:70,88
DA:71,11
DA:74,42
DA:75,54
DA:76,52
DA:79,65
DA:80,135
DA:82,81
DA:83,129
DA:85,22
DA:86,55
DA:88,31
DA:89,79
DA:91,45
DA:92,104
DA:94,41
DA:95,95
DA:98,50
DA:99,86
DA:102,65
DA:103,100
DA:106,31
DA:107,145
DA:110,41
DA:111,111
DA:113,2
LF:59
LH:59
end_of_record
TN:
SF:src/mounts/MountManagerBootstrap.ts
FNF:3
FNH:3
DA:2,54
DA:3,46
DA:4,46
DA:8,31
DA:9,50
DA:12,6
DA:13,7
DA:14,9
DA:15,11
DA:16,3
DA:17,51
DA:20,6
DA:21,11
DA:22,9
DA:23,8
DA:24,3
DA:25,52
LF:17
LH:17
end_of_record
TN:
SF:src/mounts/MountManagerDeps.ts
FNF:6
FNH:6
DA:5,49
DA:8,84
DA:13,62
DA:16,6
DA:17,9
DA:18,13
DA:19,17
DA:20,9
DA:21,3
DA:22,58
DA:25,13
DA:26,42
DA:37,15
DA:38,73
DA:39,73
DA:40,64
DA:41,35
DA:66,12
DA:67,63
DA:68,40
DA:69,65
DA:70,64
DA:71,46
DA:72,73
DA:73,43
DA:74,61
DA:89,6
DA:90,7
DA:91,9
DA:92,11
DA:93,11
DA:94,3
DA:95,62
DA:96,34
LF:34
LH:34
end_of_record
TN:
SF:src/mounts/MountManagerLifecycle.ts
FNF:7
FNH:7
DA:4,162
DA:10,87
DA:21,84
DA:23,50
DA:24,92
DA:27,65
DA:28,110
DA:29,134
DA:32,49
DA:33,74
DA:34,112
DA:37,20
DA:38,114
DA:41,20
DA:42,148
DA:43,28
DA:44,36
DA:45,32
DA:46,34
DA:47,34
DA:48,41
DA:49,45
DA:51,8
DA:53,2
LF:24
LH:24
end_of_record
TN:
SF:src/mounts/MountManagerPreparation.ts
FNF:3
FNH:3
DA:6,82
DA:10,49
DA:19,6
DA:20,7
DA:21,7
DA:22,8
DA:23,6
DA:24,3
DA:25,58
DA:28,6
DA:29,7
DA:30,8
DA:31,7
DA:32,3
DA:33,57
DA:36,11
DA:37,70
DA:38,69
LF:18
LH:18
end_of_record
TN:
SF:src/mounts/MountPersistence.ts
FNF:13
FNH:13
DA:1,148
DA:2,72
DA:4,160
DA:5,103
DA:14,1
DA:16,13
DA:17,84
DA:18,84
DA:19,10
DA:20,90
DA:23,23
DA:24,107
DA:25,57
DA:26,11
DA:29,32
DA:30,55
DA:31,17
DA:32,9
DA:33,80
DA:36,7
DA:37,16
DA:38,14
DA:39,16
DA:40,68
DA:41,10
DA:42,138
DA:45,45
DA:46,33
DA:47,68
DA:48,9
DA:50,49
DA:51,100
DA:52,116
DA:55,29
DA:56,110
DA:58,2
DA:59,37
DA:60,74
DA:61,78
DA:62,68
DA:63,62
DA:64,5
DA:65,29
DA:68,44
DA:69,72
DA:70,41
DA:71,5
DA:72,41
DA:75,42
DA:76,86
DA:77,41
DA:78,5
DA:79,46
DA:80,56
DA:81,41
DA:82,5
DA:83,29
DA:86,43
DA:87,93
DA:90,55
DA:91,96
DA:92,68
DA:93,24
DA:94,22
DA:95,76
DA:96,8
DA:97,60
DA:98,43
DA:101,41
DA:102,73
DA:103,19
DA:104,5
DA:105,132
DA:106,84
LF:74
LH:74
end_of_record
TN:
SF:src/mounts/MountPersistenceAudit.ts
FNF:5
FNH:5
DA:17,26
DA:18,58
DA:21,21
DA:22,15
DA:23,58
DA:24,20
DA:25,1
DA:28,33
DA:29,12
DA:30,11
DA:31,21
DA:32,42
DA:33,32
DA:34,28
DA:35,24
DA:36,1
DA:39,29
DA:40,12
DA:41,13
DA:42,33
DA:43,10
DA:44,23
DA:45,30
DA:46,37
DA:47,1
DA:50,13
DA:51,71
LF:27
LH:27
end_of_record
TN:
SF:src/mounts/MountPlanner.ts
FNF:11
FNH:11
DA:2,103
DA:14,13
DA:15,60
DA:16,72
DA:17,85
DA:18,10
DA:20,9
DA:21,14
DA:22,16
DA:23,12
DA:24,10
DA:25,80
DA:26,112
DA:27,106
DA:28,133
DA:31,14
DA:32,12
DA:33,26
DA:34,10
DA:35,34
DA:36,96
DA:37,138
DA:38,74
DA:39,9
DA:42,35
DA:43,98
DA:44,28
DA:45,44
DA:46,36
DA:47,100
DA:48,98
DA:49,72
DA:50,9
DA:53,46
DA:54,28
DA:55,38
DA:56,22
DA:57,62
DA:58,48
DA:59,9
DA:62,64
DA:63,28
DA:64,38
DA:65,58
DA:66,92
DA:67,9
DA:70,39
DA:71,79
DA:72,111
DA:73,9
DA:74,62
DA:77,39
DA:78,122
DA:79,53
DA:80,9
DA:81,63
DA:82,95
DA:83,9
DA:86,32
DA:87,53
DA:88,24
DA:89,76
DA:90,67
DA:91,8
DA:93,2
LF:65
LH:65
end_of_record
TN:
SF:src/mounts/MountPreparation.ts
FNF:7
FNH:7
DA:12,6
DA:13,11
DA:14,13
DA:15,11
DA:16,3
DA:17,45
DA:26,6
DA:27,10
DA:28,9
DA:29,3
DA:30,56
DA:31,36
DA:32,52
DA:33,8
DA:36,23
DA:37,44
DA:38,68
DA:41,1
DA:42,10
DA:43,13
DA:44,9
DA:45,3
DA:46,26
DA:47,64
DA:48,30
DA:51,1
DA:52,13
DA:53,8
DA:54,7
DA:55,7
DA:56,3
DA:57,63
DA:58,53
DA:59,11
DA:62,11
DA:63,44
LF:36
LH:36
end_of_record
TN:
SF:src/mounts/MountPreparationOps.ts
FNF:4
FNH:4
DA:4,56
DA:5,51
DA:15,6
DA:16,6
DA:17,7
DA:18,8
DA:19,6
DA:20,3
DA:21,59
DA:22,63
DA:23,14
DA:26,6
DA:27,6
DA:28,8
DA:29,18
DA:30,3
DA:31,36
DA:32,73
DA:33,2
DA:34,36
DA:37,25
DA:38,69
DA:39,70
LF:23
LH:23
end_of_record
TN:
SF:src/mounts/MountRecords.ts
FNF:6
FNH:6
DA:3,6
DA:4,9
DA:5,8
DA:6,3
DA:7,27
DA:8,59
DA:9,4
DA:10,45
DA:13,6
DA:14,9
DA:15,8
DA:16,3
DA:17,65
DA:20,6
DA:21,9
DA:22,4
DA:23,3
DA:24,45
LF:18
LH:18
end_of_record
TN:
SF:src/mounts/MountRefreshScheduler.ts
FNF:9
FNH:9
DA:4,1
DA:6,13
DA:7,72
DA:8,72
DA:9,89
DA:10,10
DA:12,20
DA:13,36
DA:14,30
DA:15,72
DA:16,64
DA:17,13
DA:20,31
DA:21,92
DA:22,105
DA:23,29
DA:24,9
DA:25,14
DA:26,130
DA:27,32
DA:31,31
DA:32,64
DA:33,22
DA:34,81
DA:35,14
DA:36,79
DA:39,1
LF:27
LH:27
end_of_record
TN:
SF:src/mounts/MountReplay.ts
FNF:4
FNH:4
DA:4,175
DA:11,13
DA:12,84
DA:13,72
DA:14,67
DA:15,10
DA:17,38
DA:18,70
DA:19,36
DA:20,32
DA:21,12
DA:22,12
DA:23,77
DA:24,50
DA:25,9
DA:28,35
DA:29,150
DA:32,39
DA:33,153
DA:35,2
LF:20
LH:20
end_of_record
TN:
SF:src/mounts/MountResourceReference.ts
FNF:4
FNH:4
DA:4,6
DA:5,9
DA:6,6
DA:7,3
DA:8,41
DA:9,43
DA:12,18
DA:13,54
DA:14,53
DA:17,19
DA:18,61
LF:11
LH:11
end_of_record
TN:
SF:src/mounts/MountRestore.ts
FNF:7
FNH:7
DA:5,74
DA:7,6
DA:8,9
DA:9,9
DA:10,8
DA:11,3
DA:12,63
DA:13,45
DA:16,1
DA:17,9
DA:18,10
DA:19,8
DA:20,3
DA:21,10
DA:22,39
DA:23,37
DA:26,1
DA:27,10
DA:28,8
DA:29,3
DA:30,39
DA:31,59
DA:32,2
DA:35,6
DA:36,11
DA:37,9
DA:38,8
DA:39,3
DA:40,40
DA:41,32
DA:42,2
DA:43,38
DA:46,6
DA:47,11
DA:48,9
DA:49,8
DA:50,3
DA:51,28
DA:52,37
DA:60,6
DA:61,11
DA:62,9
DA:63,4
DA:64,6
DA:65,3
DA:66,32
DA:67,25
DA:68,2
DA:69,31
LF:49
LH:49
end_of_record
TN:
SF:src/mounts/Plugin.ts
FNF:7
FNH:7
DA:42,21
DA:43,5
DA:53,8
DA:54,10
DA:61,15
DA:62,7
DA:71,8
DA:72,7
DA:74,1
DA:75,9
DA:76,13
DA:77,5
DA:78,7
DA:80,8
DA:81,10
DA:83,8
DA:84,10
LF:17
LH:17
end_of_record
TN:
SF:src/mounts/PluginConfiguration.ts
FNF:2
FNH:2
DA:1,11
DA:2,86
DA:5,11
DA:6,70
LF:4
LH:4
end_of_record
TN:
SF:src/mounts/PluginDescriptions.ts
FNF:4
FNH:4
DA:14,6
DA:15,13
DA:16,6
DA:17,3
DA:18,51
DA:21,23
DA:22,15
DA:23,32
DA:24,2
DA:25,33
DA:28,23
DA:29,43
DA:30,21
DA:31,44
DA:32,2
DA:33,17
DA:36,16
DA:37,12
DA:38,26
DA:39,44
DA:40,34
DA:41,35
DA:42,1
LF:23
LH:23
end_of_record
TN:
SF:src/mounts/PluginKinds.ts
FNF:1
FNH:1
DA:2,65
DA:3,62
DA:4,59
DA:5,59
DA:10,11
DA:11,12
DA:12,22
DA:13,20
DA:14,21
DA:15,17
DA:16,1
LF:11
LH:11
end_of_record
TN:
SF:src/mounts/ProviderRegistry.ts
FNF:10
FNH:10
DA:6,110
DA:7,130
DA:8,124
DA:9,118
DA:10,117
DA:13,1
DA:15,13
DA:16,16
DA:17,42
DA:18,14
DA:19,10
DA:20,146
DA:21,54
DA:22,108
DA:23,12
DA:26,41
DA:27,83
DA:28,115
DA:29,12
DA:30,51
DA:31,111
DA:32,9
DA:35,32
DA:36,99
DA:39,63
DA:40,143
DA:43,17
DA:44,16
DA:45,16
DA:46,10
DA:47,112
DA:48,148
DA:49,147
DA:52,9
DA:53,16
DA:54,22
DA:55,18
DA:56,10
DA:57,157
DA:60,34
DA:61,100
DA:62,40
DA:63,49
DA:64,9
DA:65,40
DA:67,2
DA:69,29
DA:70,16
DA:71,42
DA:72,14
DA:73,6
DA:74,146
DA:75,112
DA:76,119
LF:54
LH:54
end_of_record
TN:
SF:src/mounts/SnapshotCarryForward.ts
FNF:5
FNH:5
DA:3,6
DA:4,7
DA:5,9
DA:6,7
DA:7,3
DA:8,32
DA:9,39
DA:10,18
DA:13,1
DA:14,8
DA:15,9
DA:16,7
DA:17,3
DA:18,17
DA:19,54
DA:20,1
DA:23,1
DA:24,8
DA:25,9
DA:26,7
DA:27,3
DA:28,8
DA:29,30
DA:30,55
LF:24
LH:24
end_of_record
TN:
SF:src/mounts/SnapshotMaterializer.ts
FNF:19
FNH:19
DA:1,74
DA:5,90
DA:6,102
DA:13,78
DA:14,28
DA:15,30
DA:16,3
DA:19,13
DA:20,60
DA:21,115
DA:22,10
DA:24,9
DA:25,16
DA:26,18
DA:27,40
DA:28,10
DA:29,128
DA:30,67
DA:33,39
DA:34,69
DA:35,81
DA:36,12
DA:38,35
DA:39,69
DA:40,80
DA:41,81
DA:42,12
DA:44,30
DA:45,69
DA:46,63
DA:47,12
DA:49,30
DA:50,93
DA:53,35
DA:54,78
DA:55,44
DA:56,92
DA:58,25
DA:59,64
DA:60,84
DA:61,31
DA:63,10
DA:64,18
DA:65,40
DA:66,10
DA:67,92
DA:68,110
DA:69,121
DA:71,39
DA:72,151
DA:74,62
DA:75,89
DA:77,74
DA:78,83
DA:79,129
DA:80,9
DA:81,76
DA:82,67
DA:83,8
DA:85,2
DA:87,20
DA:88,18
DA:89,22
DA:90,40
DA:91,6
DA:92,80
DA:93,70
DA:94,139
DA:97,47
DA:98,113
LF:70
LH:70
end_of_record
TN:
SF:src/mounts/SnapshotWrite.ts
FNF:10
FNH:10
DA:2,52
DA:7,6
DA:8,7
DA:9,8
DA:10,3
DA:11,38
DA:12,47
DA:13,35
DA:14,4
DA:15,54
DA:25,17
DA:26,44
DA:27,33
DA:28,32
DA:29,31
DA:37,24
DA:38,36
DA:39,52
DA:40,29
DA:41,28
DA:44,23
DA:45,55
DA:46,14
DA:47,33
DA:48,32
DA:49,29
DA:52,1
DA:53,7
DA:54,8
DA:55,6
DA:56,3
DA:57,50
DA:58,27
DA:61,17
DA:62,33
DA:63,20
DA:64,2
DA:65,11
DA:68,12
DA:69,12
DA:70,23
DA:71,30
DA:72,30
DA:73,36
DA:74,32
DA:75,16
DA:76,1
LF:47
LH:47
end_of_record
TN:
SF:src/mounts/daemonDesiredMounts.ts
FNF:1
FNH:1
DA:1,48
DA:4,6
DA:5,8
DA:6,9
DA:7,3
DA:8,62
LF:6
LH:6
end_of_record
TN:
SF:src/mounts/defaultProviders.ts
FNF:3
FNH:3
DA:1,68
DA:2,82
DA:3,66
DA:4,69
DA:5,79
DA:6,54
DA:8,11
DA:9,36
DA:10,42
DA:11,48
DA:12,4
DA:13,75
DA:16,1
DA:17,10
DA:18,3
DA:19,23
DA:20,59
DA:21,9
DA:24,6
DA:25,9
DA:26,55
DA:27,11
DA:28,6
LF:23
LH:23
end_of_record
TN:
SF:src/operations/WorkspaceDiff.ts
FNF:10
FNH:10
DA:4,52
DA:5,49
DA:7,6
DA:8,9
DA:9,6
DA:10,7
DA:11,13
DA:12,3
DA:13,41
DA:14,43
DA:15,51
DA:18,1
DA:19,9
DA:20,6
DA:21,7
DA:22,7
DA:23,3
DA:24,46
DA:25,47
DA:26,33
DA:29,1
DA:30,9
DA:31,6
DA:32,7
DA:33,3
DA:34,55
DA:35,55
DA:38,1
DA:39,9
DA:40,6
DA:41,7
DA:42,3
DA:43,51
DA:44,4
DA:45,32
DA:48,1
DA:49,9
DA:50,6
DA:51,7
DA:52,7
DA:53,3
DA:54,68
DA:55,44
DA:56,60
DA:59,19
DA:60,45
DA:61,10
DA:62,39
DA:63,40
DA:66,20
DA:67,32
DA:68,40
DA:69,2
DA:70,14
DA:73,16
DA:74,34
LF:56
LH:56
end_of_record
TN:
SF:src/operations/WorkspaceDiffCompare.ts
FNF:7
FNH:7
DA:5,6
DA:6,9
DA:7,6
DA:8,7
DA:9,7
DA:10,3
DA:11,64
DA:14,1
DA:15,9
DA:16,6
DA:17,7
DA:18,6
DA:19,3
DA:20,51
DA:21,66
DA:24,1
DA:25,9
DA:26,6
DA:27,7
DA:28,6
DA:29,3
DA:30,41
DA:31,36
DA:32,7
DA:35,1
DA:36,9
DA:37,7
DA:38,6
DA:39,3
DA:40,62
DA:43,1
DA:44,9
DA:45,6
DA:46,7
DA:47,6
DA:48,3
DA:49,75
DA:50,4
DA:51,27
DA:54,20
DA:55,28
LF:41
LH:41
end_of_record
TN:
SF:src/operations/WorkspaceFind.ts
FNF:11
FNH:11
DA:4,6
DA:5,9
DA:6,9
DA:7,6
DA:8,3
DA:9,15
DA:10,47
DA:11,25
DA:14,23
DA:15,53
DA:16,40
DA:17,2
DA:18,12
DA:21,26
DA:22,8
DA:23,34
DA:24,48
DA:28,20
DA:29,35
DA:30,7
DA:31,27
DA:32,35
DA:33,22
DA:37,17
DA:38,29
DA:40,17
DA:41,27
DA:43,18
DA:44,61
DA:46,10
DA:47,35
LF:31
LH:31
end_of_record
TN:
SF:src/operations/WorkspaceGrep.ts
FNF:6
FNH:6
DA:4,6
DA:5,9
DA:6,9
DA:7,7
DA:8,13
DA:9,3
DA:10,71
DA:11,28
DA:14,20
DA:15,32
DA:16,40
DA:17,2
DA:18,14
DA:21,29
DA:22,38
DA:23,62
DA:24,68
DA:25,1
DA:28,11
DA:29,38
LF:20
LH:20
end_of_record
TN:
SF:src/operations/WorkspaceLiteracyInvoke.ts
FNF:8
FNH:8
DA:3,60
DA:4,43
DA:5,52
DA:13,6
DA:14,11
DA:15,3
DA:16,7
DA:17,29
DA:18,29
DA:19,26
DA:23,6
DA:24,9
DA:25,11
DA:26,3
DA:27,47
DA:28,41
DA:31,1
DA:32,9
DA:33,6
DA:34,11
DA:35,3
DA:36,34
DA:37,32
DA:38,36
DA:41,1
DA:42,9
DA:43,6
DA:44,11
DA:45,3
DA:46,34
DA:47,32
DA:48,30
DA:51,1
DA:52,9
DA:53,6
DA:54,11
DA:55,3
DA:56,61
DA:57,30
DA:60,1
DA:61,9
DA:62,6
DA:63,11
DA:64,3
DA:65,56
DA:66,38
DA:69,1
DA:70,9
DA:71,6
DA:72,11
DA:73,3
DA:74,80
DA:75,74
DA:76,70
DA:79,1
DA:80,9
DA:81,11
DA:82,3
DA:83,67
DA:84,40
DA:85,49
LF:61
LH:61
end_of_record
TN:
SF:src/operations/WorkspaceOperations.ts
FNF:9
FNH:9
DA:3,78
DA:4,78
DA:5,98
DA:6,135
DA:9,96
DA:11,40
DA:12,79
DA:13,55
DA:14,67
DA:16,48
DA:17,69
DA:18,45
DA:19,55
DA:20,45
DA:21,43
DA:22,85
DA:23,65
DA:25,38
DA:26,96
DA:27,128
DA:28,71
DA:30,38
DA:31,90
DA:32,122
DA:33,71
DA:35,47
DA:36,69
DA:37,55
DA:38,55
DA:39,55
DA:40,63
DA:42,30
DA:43,94
DA:44,137
DA:46,30
DA:47,94
DA:48,131
DA:50,33
DA:51,94
DA:52,28
DA:53,44
DA:54,22
DA:55,76
DA:56,88
DA:57,8
DA:59,2
LF:46
LH:46
end_of_record
TN:
SF:src/operations/WorkspaceStartHere.ts
FNF:1
FNH:1
DA:4,28
DA:5,53
DA:6,66
DA:7,2
DA:9,18
DA:10,12
DA:11,22
DA:12,30
DA:13,23
DA:14,37
DA:15,18
DA:16,37
DA:17,1
LF:13
LH:13
end_of_record
TN:
SF:src/operations/WorkspaceTest.ts
FNF:3
FNH:3
DA:5,6
DA:6,9
DA:7,6
DA:8,11
DA:9,3
DA:10,28
DA:11,27
DA:12,2
DA:13,38
DA:16,22
DA:17,9
DA:18,58
DA:19,11
DA:20,12
DA:24,15
DA:25,27
DA:26,8
DA:27,20
DA:28,13
DA:29,9
LF:20
LH:20
end_of_record
TN:
SF:src/operations/WorkspaceWalker.ts
FNF:8
FNH:8
DA:6,13
DA:7,72
DA:8,60
DA:9,61
DA:10,10
DA:12,28
DA:13,46
DA:14,72
DA:15,35
DA:18,27
DA:19,46
DA:20,66
DA:21,35
DA:24,64
DA:25,63
DA:26,17
DA:27,9
DA:28,97
DA:29,109
DA:30,12
DA:33,61
DA:34,58
DA:35,96
DA:36,80
DA:37,65
DA:38,80
DA:39,9
DA:42,40
DA:43,74
DA:44,45
DA:45,8
DA:47,1
DA:49,45
DA:50,89
LF:34
LH:34
end_of_record
TN:
SF:src/plugins/agent/AgentChatHistory.ts
FNF:7
FNH:7
DA:8,30
DA:9,56
DA:12,6
DA:13,8
DA:14,13
DA:15,8
DA:16,3
DA:17,45
DA:18,72
DA:19,31
DA:22,13
DA:23,18
DA:24,9
DA:25,2
DA:26,15
DA:27,7
DA:28,10
DA:29,16
DA:30,30
DA:33,6
DA:34,13
DA:35,8
DA:36,9
DA:37,3
DA:38,76
DA:39,48
LF:26
LH:26
end_of_record
TN:
SF:src/plugins/agent/AgentChatStore.ts
FNF:16
FNH:16
DA:3,128
DA:5,126
DA:6,131
DA:14,13
DA:15,66
DA:16,72
DA:17,73
DA:18,10
DA:20,52
DA:21,88
DA:22,131
DA:25,70
DA:26,139
DA:29,55
DA:30,88
DA:31,32
DA:32,11
DA:33,9
DA:34,119
DA:37,78
DA:38,94
DA:39,120
DA:42,43
DA:43,102
DA:44,37
DA:45,98
DA:46,138
DA:47,136
DA:48,10
DA:57,73
DA:58,106
DA:61,16
DA:62,10
DA:63,16
DA:64,17
DA:65,10
DA:66,88
DA:67,37
DA:68,136
DA:69,10
DA:72,12
DA:73,16
DA:74,26
DA:75,16
DA:76,18
DA:77,10
DA:78,150
DA:79,122
DA:80,135
DA:83,20
DA:84,113
DA:87,36
DA:88,130
DA:90,2
LF:54
LH:54
end_of_record
TN:
SF:src/plugins/agent/AgentChatTurn.ts
FNF:4
FNH:4
DA:1,42
DA:6,6
DA:7,7
DA:8,9
DA:9,9
DA:10,3
DA:11,23
DA:12,69
DA:13,18
DA:16,6
DA:17,7
DA:18,9
DA:19,9
DA:20,3
DA:21,23
DA:22,47
DA:23,10
DA:26,6
DA:27,7
DA:28,9
DA:29,8
DA:30,7
DA:31,3
DA:32,15
DA:33,61
DA:34,17
DA:37,11
DA:38,44
LF:28
LH:28
end_of_record
TN:
SF:src/plugins/agent/AgentCommands.ts
FNF:17
FNH:17
DA:1,82
DA:16,1
DA:18,23
DA:19,49
DA:20,85
DA:23,46
DA:24,114
DA:25,94
DA:26,62
DA:27,124
DA:28,118
DA:29,115
DA:32,49
DA:33,82
DA:34,84
DA:35,114
DA:36,63
DA:39,47
DA:40,42
DA:41,93
DA:42,114
DA:43,9
DA:44,31
DA:47,11
DA:48,18
DA:49,14
DA:50,12
DA:51,14
DA:52,10
DA:53,126
DA:56,65
DA:57,53
DA:58,39
DA:59,111
DA:62,68
DA:63,58
DA:64,56
DA:65,9
DA:66,93
DA:69,48
DA:70,40
DA:71,140
DA:72,9
DA:75,41
DA:76,61
DA:79,48
DA:80,114
DA:81,106
DA:82,94
DA:83,134
DA:84,83
DA:87,38
DA:88,99
DA:91,48
DA:92,114
DA:93,78
DA:95,2
DA:97,45
DA:98,53
DA:101,21
DA:102,18
DA:103,18
DA:104,12
DA:105,6
DA:106,104
DA:107,111
DA:110,33
DA:111,151
DA:114,46
DA:115,40
DA:116,82
DA:117,90
DA:118,90
DA:119,98
DA:120,84
DA:121,7
LF:76
LH:76
end_of_record
TN:
SF:src/plugins/agent/AgentConfigValidation.ts
FNF:2
FNH:2
DA:3,46
DA:5,13
DA:6,12
DA:7,20
DA:8,25
DA:9,56
DA:10,2
DA:13,17
DA:14,9
DA:15,27
DA:16,11
DA:17,6
LF:12
LH:12
end_of_record
TN:
SF:src/plugins/agent/AgentDeltaWriter.ts
FNF:5
FNH:5
DA:4,37
DA:14,24
DA:15,48
DA:16,22
DA:17,43
DA:21,24
DA:22,24
DA:23,20
DA:24,22
DA:25,1
DA:28,11
DA:29,66
DA:32,17
DA:33,34
DA:34,69
LF:15
LH:15
end_of_record
TN:
SF:src/plugins/agent/AgentDirectoryDriver.ts
FNF:16
FNH:16
DA:3,96
DA:4,100
DA:5,108
DA:6,144
DA:7,112
DA:8,88
DA:9,90
DA:10,102
DA:11,98
DA:12,108
DA:13,113
DA:23,1
DA:25,13
DA:26,66
DA:27,18
DA:28,10
DA:29,64
DA:30,60
DA:31,98
DA:34,41
DA:35,90
DA:36,130
DA:37,134
DA:38,136
DA:39,96
DA:42,43
DA:43,153
DA:46,33
DA:47,85
DA:48,79
DA:49,58
DA:50,26
DA:51,50
DA:52,54
DA:53,12
DA:54,9
DA:57,21
DA:58,65
DA:60,24
DA:61,101
DA:63,20
DA:64,63
DA:67,81
DA:68,86
DA:69,49
DA:70,129
DA:71,9
DA:72,124
DA:75,16
DA:76,18
DA:77,26
DA:78,17
DA:79,10
DA:80,94
DA:81,108
DA:82,138
DA:83,118
DA:86,9
DA:87,18
DA:88,26
DA:89,17
DA:90,10
DA:91,130
DA:92,86
DA:93,41
DA:96,57
DA:97,102
DA:98,156
DA:99,111
DA:102,63
DA:103,112
DA:105,2
LF:72
LH:72
end_of_record
TN:
SF:src/plugins/agent/AgentError.ts
FNF:1
FNH:1
DA:1,16
DA:2,44
LF:2
LH:2
end_of_record
TN:
SF:src/plugins/agent/AgentManifest.ts
FNF:15
FNH:15
DA:6,73
DA:8,16
DA:9,47
DA:10,66
DA:11,47
DA:12,12
DA:13,13
DA:14,58
DA:15,46
DA:16,1
DA:19,11
DA:20,66
DA:21,25
DA:22,64
DA:23,2
DA:24,32
DA:25,26
DA:26,4
DA:27,30
DA:30,1
DA:31,9
DA:32,3
DA:33,26
DA:34,62
DA:35,1
DA:38,10
DA:39,47
DA:40,39
DA:41,1
DA:44,11
DA:45,43
DA:46,69
DA:47,31
DA:48,61
DA:51,13
DA:52,12
DA:53,59
DA:54,50
DA:55,35
DA:56,2
DA:59,74
DA:61,11
DA:62,29
DA:63,6
DA:64,2
DA:65,47
DA:66,45
DA:67,64
DA:70,11
DA:71,12
DA:72,75
DA:73,57
DA:74,60
DA:75,1
DA:78,11
DA:79,48
DA:80,69
DA:81,2
DA:82,28
DA:85,11
DA:86,61
DA:87,71
DA:88,2
DA:89,12
DA:92,17
DA:93,29
DA:94,6
DA:95,2
DA:100,76
DA:101,34
DA:102,2
DA:103,12
DA:106,12
DA:107,47
DA:108,41
DA:109,1
DA:112,17
DA:113,29
DA:114,6
DA:115,2
DA:116,45
DA:117,34
DA:118,2
DA:119,12
LF:84
LH:84
end_of_record
TN:
SF:src/plugins/agent/AgentPersonaLookup.ts
FNF:16
FNH:16
DA:2,55
DA:5,59
DA:7,26
DA:9,6
DA:10,8
DA:11,11
DA:12,3
DA:13,32
DA:14,34
DA:15,35
DA:18,23
DA:19,57
DA:20,44
DA:21,45
DA:22,48
DA:23,2
DA:24,15
DA:27,22
DA:28,74
DA:41,6
DA:42,8
DA:43,11
DA:44,3
DA:45,58
DA:46,66
DA:49,18
DA:50,40
DA:51,12
DA:52,0
DA:53,2
DA:54,13
DA:57,1
DA:58,8
DA:59,13
DA:60,3
DA:61,12
DA:62,16
DA:63,23
DA:64,56
DA:65,1
DA:68,22
DA:69,72
DA:72,18
DA:73,23
DA:74,9
DA:75,52
DA:76,42
DA:77,35
DA:80,17
DA:81,16
DA:82,43
DA:83,2
DA:84,19
DA:85,72
DA:86,1
DA:89,12
DA:90,37
DA:91,9
DA:92,2
DA:93,49
DA:94,44
DA:102,17
DA:103,64
DA:106,12
DA:107,46
DA:108,27
DA:109,9
DA:110,2
LF:68
LH:67
end_of_record
TN:
SF:src/plugins/agent/AgentPlugin.ts
FNF:12
FNH:12
DA:27,1
DA:29,27
DA:30,24
DA:32,28
DA:33,59
DA:36,37
DA:37,57
DA:40,23
DA:41,49
DA:44,25
DA:45,149
DA:48,24
DA:49,51
DA:52,58
DA:53,103
DA:56,9
DA:57,16
DA:58,22
DA:59,18
DA:60,10
DA:61,106
DA:62,102
DA:63,145
DA:66,42
DA:67,141
DA:68,52
DA:69,36
DA:70,9
DA:72,1
DA:74,30
DA:75,24
DA:76,34
DA:77,68
DA:78,42
DA:79,154
DA:80,5
LF:36
LH:36
end_of_record
TN:
SF:src/plugins/agent/AgentRegistration.ts
FNF:15
FNH:15
DA:5,149
DA:18,1
DA:20,13
DA:21,66
DA:22,96
DA:23,108
DA:24,66
DA:25,10
DA:27,21
DA:28,81
DA:29,59
DA:30,12
DA:31,56
DA:34,20
DA:35,52
DA:36,56
DA:37,68
DA:38,56
DA:41,37
DA:42,95
DA:43,77
DA:44,12
DA:47,43
DA:48,81
DA:49,61
DA:50,62
DA:51,10
DA:52,12
DA:55,55
DA:56,79
DA:57,88
DA:58,9
DA:61,61
DA:62,102
DA:63,37
DA:64,96
DA:65,17
DA:66,9
DA:67,66
DA:70,15
DA:71,16
DA:72,16
DA:73,14
DA:74,10
DA:75,78
DA:76,107
DA:77,93
DA:78,12
DA:81,43
DA:82,87
DA:83,17
DA:84,9
DA:85,72
DA:86,114
DA:89,17
DA:90,16
DA:91,12
DA:92,14
DA:93,10
DA:94,92
DA:95,156
DA:96,39
DA:98,2
LF:63
LH:63
end_of_record
TN:
SF:src/plugins/agent/AgentRequest.ts
FNF:9
FNH:9
DA:19,18
DA:20,36
DA:21,40
DA:22,40
DA:23,12
DA:26,20
DA:27,62
DA:28,35
DA:29,3
DA:32,1
DA:33,9
DA:34,9
DA:35,3
DA:36,37
DA:37,51
DA:38,1
DA:41,20
DA:42,58
DA:43,51
DA:44,2
DA:52,6
DA:53,7
DA:54,9
DA:55,9
DA:56,13
DA:57,3
DA:58,38
DA:59,74
DA:62,1
DA:63,9
DA:64,9
DA:65,9
DA:66,3
DA:67,61
DA:68,66
DA:71,18
DA:72,55
DA:75,13
DA:76,24
DA:77,48
DA:78,15
LF:41
LH:41
end_of_record
TN:
SF:src/plugins/agent/AgentRunCancellation.ts
FNF:11
FNH:11
DA:5,1
DA:7,13
DA:8,66
DA:9,59
DA:10,10
DA:12,76
DA:13,132
DA:14,98
DA:15,102
DA:16,137
DA:19,49
DA:20,28
DA:21,50
DA:22,32
DA:23,88
DA:24,68
DA:25,9
DA:28,56
DA:29,109
DA:32,71
DA:33,160
DA:34,36
DA:35,90
DA:36,76
DA:37,47
DA:38,9
DA:39,39
DA:42,47
DA:43,150
DA:44,145
DA:47,47
DA:48,62
DA:50,2
DA:52,54
DA:53,86
DA:54,105
LF:36
LH:36
end_of_record
TN:
SF:src/plugins/agent/AgentRunCompletion.ts
FNF:3
FNH:3
DA:1,88
DA:11,20
DA:12,12
DA:13,22
DA:14,14
DA:15,39
DA:16,2
DA:19,6
DA:20,4
DA:21,11
DA:22,9
DA:23,7
DA:24,3
DA:25,43
DA:26,55
DA:27,51
DA:30,1
DA:31,4
DA:32,8
DA:33,9
DA:34,7
DA:35,3
DA:36,44
DA:37,67
LF:24
LH:24
end_of_record
TN:
SF:src/plugins/agent/AgentRunContextFactory.ts
FNF:1
FNH:1
DA:4,6
DA:5,9
DA:6,13
DA:7,9
DA:8,3
DA:9,45
DA:10,65
DA:11,49
LF:8
LH:8
end_of_record
TN:
SF:src/plugins/agent/AgentRunEntries.ts
FNF:6
FNH:6
DA:15,21
DA:16,73
DA:19,22
DA:20,66
DA:23,20
DA:24,65
DA:27,22
DA:28,66
DA:31,25
DA:32,63
DA:33,42
DA:36,21
DA:37,12
DA:38,53
DA:39,24
DA:40,1
LF:16
LH:16
end_of_record
TN:
SF:src/plugins/agent/AgentRunExecutor.ts
FNF:16
FNH:16
DA:7,120
DA:8,94
DA:9,98
DA:10,130
DA:11,115
DA:22,13
DA:23,54
DA:24,60
DA:25,72
DA:26,73
DA:27,10
DA:29,70
DA:30,81
DA:31,67
DA:32,9
DA:35,67
DA:36,125
DA:37,49
DA:38,9
DA:41,38
DA:42,144
DA:45,10
DA:46,16
DA:47,18
DA:48,17
DA:49,10
DA:50,132
DA:51,125
DA:54,12
DA:55,16
DA:56,18
DA:57,18
DA:58,10
DA:59,59
DA:60,95
DA:61,97
DA:64,16
DA:65,16
DA:66,18
DA:67,18
DA:68,10
DA:69,66
DA:70,86
DA:71,96
DA:72,127
DA:75,16
DA:76,16
DA:77,18
DA:78,18
DA:79,10
DA:80,142
DA:81,104
DA:82,130
DA:83,155
DA:86,23
DA:87,18
DA:88,18
DA:89,14
DA:90,10
DA:91,139
DA:92,17
DA:93,9
DA:94,98
DA:97,9
DA:98,18
DA:99,18
DA:100,13
DA:101,10
DA:105,138
DA:106,153
DA:109,48
DA:110,151
DA:113,57
DA:114,96
DA:116,2
LF:75
LH:75
end_of_record
TN:
SF:src/plugins/agent/AgentRunRecovery.ts
FNF:11
FNH:11
DA:5,6
DA:6,8
DA:7,5
DA:8,3
DA:9,42
DA:10,36
DA:11,1
DA:14,17
DA:15,37
DA:16,6
DA:17,2
DA:18,59
DA:19,50
DA:20,1
DA:23,1
DA:24,9
DA:25,6
DA:26,9
DA:27,5
DA:28,3
DA:29,37
DA:30,57
DA:33,1
DA:34,9
DA:35,5
DA:36,6
DA:37,3
DA:38,76
DA:41,18
DA:42,59
DA:45,15
DA:46,12
DA:47,25
DA:48,14
DA:49,42
DA:50,45
DA:51,1
DA:54,19
DA:55,68
DA:56,16
DA:57,6
DA:58,2
DA:59,37
DA:60,30
DA:61,66
DA:62,9
DA:65,9
DA:68,3
DA:69,8
DA:70,60
DA:71,36
LF:51
LH:51
end_of_record
TN:
SF:src/plugins/agent/AgentRunStore.ts
FNF:16
FNH:16
DA:3,128
DA:4,232
DA:15,99
DA:19,71
DA:20,61
DA:21,19
DA:22,81
DA:26,13
DA:27,66
DA:28,72
DA:29,73
DA:30,10
DA:32,47
DA:33,52
DA:34,8
DA:35,54
DA:36,36
DA:37,9
DA:40,62
DA:41,133
DA:44,59
DA:45,133
DA:48,78
DA:49,142
DA:50,121
DA:53,17
DA:54,8
DA:55,18
DA:56,16
DA:57,18
DA:58,10
DA:59,146
DA:60,87
DA:63,45
DA:64,157
DA:67,42
DA:68,73
DA:71,8
DA:72,18
DA:73,10
DA:74,114
DA:75,128
DA:76,149
DA:79,77
DA:80,150
DA:83,62
DA:84,86
DA:85,37
DA:86,132
DA:87,132
DA:88,10
DA:91,36
DA:92,130
DA:94,2
LF:54
LH:54
end_of_record
TN:
SF:src/plugins/agent/AgentStatus.ts
FNF:3
FNH:3
DA:2,42
DA:4,20
DA:5,38
DA:8,20
DA:9,39
DA:12,27
DA:13,12
DA:14,20
DA:15,14
DA:16,42
DA:17,26
DA:18,1
LF:12
LH:12
end_of_record
TN:
SF:src/plugins/agent/AgentTarget.ts
FNF:6
FNH:6
DA:7,59
DA:20,6
DA:21,8
DA:22,9
DA:23,13
DA:24,3
DA:25,46
DA:26,24
DA:27,41
DA:28,64
DA:31,1
DA:32,8
DA:33,13
DA:34,3
DA:35,54
DA:36,50
DA:37,2
DA:38,47
DA:39,14
DA:42,12
DA:43,49
DA:44,17
DA:45,70
DA:46,2
DA:47,13
DA:50,1
DA:51,8
DA:52,9
DA:53,3
DA:54,67
DA:55,17
DA:56,44
DA:57,2
DA:58,13
DA:61,12
DA:62,58
DA:63,63
DA:64,1
LF:38
LH:38
end_of_record
TN:
SF:src/plugins/agent/AgentToolCompletion.ts
FNF:9
FNH:9
DA:2,42
DA:5,51
DA:6,44
DA:20,6
DA:21,6
DA:22,5
DA:23,3
DA:24,42
DA:25,53
DA:26,61
DA:27,37
DA:28,25
DA:31,16
DA:32,12
DA:33,42
DA:34,40
DA:35,41
DA:36,61
DA:37,2
DA:50,15
DA:51,55
DA:52,21
DA:53,52
DA:54,26
DA:57,11
DA:58,7
DA:59,84
DA:60,208
DA:67,10
DA:68,48
DA:69,12
DA:70,19
DA:71,44
DA:72,1
DA:75,17
DA:76,30
DA:77,6
DA:78,2
DA:79,65
DA:82,22
DA:83,56
DA:84,74
DA:85,44
DA:88,22
DA:89,34
DA:90,34
DA:91,68
DA:92,17
LF:48
LH:48
end_of_record
TN:
SF:src/plugins/agent/AgentToolMcpSync.ts
FNF:15
FNH:15
DA:3,118
DA:4,179
DA:31,13
DA:32,66
DA:33,66
DA:34,55
DA:35,10
DA:37,21
DA:38,19
DA:41,20
DA:42,43
DA:43,70
DA:44,14
DA:47,33
DA:48,90
DA:49,43
DA:50,52
DA:51,17
DA:52,9
DA:53,98
DA:56,58
DA:57,134
DA:58,127
DA:59,74
DA:60,10
DA:63,30
DA:64,52
DA:65,147
DA:66,72
DA:67,92
DA:68,3
DA:69,8
DA:71,2
DA:73,51
DA:74,89
DA:77,43
DA:78,70
DA:79,12
DA:80,5
DA:81,98
DA:82,113
DA:85,68
DA:86,78
DA:87,76
DA:88,101
DA:91,41
DA:92,28
DA:93,142
DA:94,100
DA:95,7
LF:50
LH:50
end_of_record
TN:
SF:src/plugins/agent/AgentToolProtocol.ts
FNF:13
FNH:13
DA:1,88
DA:2,100
DA:6,58
DA:8,59
DA:10,17
DA:11,37
DA:12,48
DA:13,31
DA:14,4
DA:15,35
DA:16,13
DA:19,20
DA:20,35
DA:21,75
DA:22,60
DA:23,36
DA:24,3
DA:27,13
DA:28,64
DA:31,1
DA:32,8
DA:33,9
DA:34,9
DA:35,3
DA:36,51
DA:37,26
DA:38,34
DA:39,18
DA:42,24
DA:43,42
DA:44,35
DA:47,10
DA:48,67
DA:49,57
DA:52,11
DA:53,57
DA:56,11
DA:57,56
DA:60,21
DA:61,34
DA:62,31
DA:63,11
DA:64,49
DA:65,2
DA:68,13
DA:69,27
DA:70,19
DA:71,37
DA:72,10
DA:73,2
LF:50
LH:50
end_of_record
TN:
SF:src/plugins/agent/AgentToolServer.ts
FNF:20
FNH:20
DA:1,82
DA:2,276
DA:4,146
DA:6,110
DA:8,120
DA:9,140
DA:10,100
DA:11,116
DA:12,120
DA:13,136
DA:15,139
DA:31,1
DA:33,13
DA:34,66
DA:35,26
DA:36,10
DA:37,102
DA:42,37
DA:43,65
DA:44,67
DA:45,9
DA:48,32
DA:49,22
DA:50,140
DA:51,30
DA:52,42
DA:53,71
DA:54,31
DA:55,7
DA:56,23
DA:60,21
DA:61,83
DA:62,71
DA:63,12
DA:64,52
DA:65,52
DA:68,62
DA:69,58
DA:70,28
DA:71,56
DA:72,9
DA:73,133
DA:76,20
DA:77,49
DA:80,28
DA:81,122
DA:82,156
DA:85,48
DA:86,138
DA:87,145
DA:88,41
DA:89,93
DA:90,9
DA:91,61
DA:92,69
DA:93,36
DA:96,54
DA:97,127
DA:98,77
DA:99,43
DA:100,9
DA:101,110
DA:102,84
DA:103,139
DA:106,14
DA:107,16
DA:108,12
DA:109,9
DA:110,10
DA:111,120
DA:112,84
DA:113,94
DA:114,122
DA:117,28
DA:118,86
DA:119,88
DA:120,62
DA:121,77
DA:122,95
DA:124,14
DA:125,65
DA:126,65
DA:128,39
DA:131,40
DA:132,63
DA:133,92
DA:134,8
DA:136,2
LF:88
LH:88
end_of_record
TN:
SF:src/plugins/agent/AgentToolServerBudgets.ts
FNF:1
FNH:1
DA:10,26
DA:11,24
DA:12,15
DA:13,19
DA:14,2
DA:16,16
DA:17,12
DA:18,23
DA:19,75
DA:20,57
DA:21,60
DA:22,1
LF:12
LH:12
end_of_record
TN:
SF:src/plugins/agent/AgentToolServerLog.ts
FNF:3
FNH:3
DA:6,26
DA:7,15
DA:8,28
DA:9,11
DA:10,25
DA:14,14
DA:15,12
DA:16,76
DA:17,3
DA:20,14
DA:21,14
DA:22,164
DA:24,3
LF:13
LH:13
end_of_record
TN:
SF:src/plugins/agent/AgentToolServerPort.ts
FNF:2
FNH:2
DA:7,44
DA:9,36
DA:10,58
DA:11,52
DA:14,15
DA:15,17
DA:16,76
DA:17,86
DA:19,1
LF:9
LH:9
end_of_record
TN:
SF:src/plugins/agent/AgentToolServerScope.ts
FNF:3
FNH:3
DA:4,44
DA:5,54
DA:12,19
DA:13,59
DA:14,70
DA:17,6
DA:18,8
DA:19,10
DA:20,3
DA:21,49
DA:22,37
DA:25,1
DA:26,10
DA:27,24
DA:28,3
DA:29,9
DA:30,63
DA:31,11
DA:32,6
LF:19
LH:19
end_of_record
TN:
SF:src/plugins/agent/AgentToolThread.ts
FNF:4
FNH:4
DA:6,30
DA:7,65
DA:10,6
DA:11,8
DA:12,13
DA:13,8
DA:14,3
DA:15,47
DA:16,68
DA:19,6
DA:20,13
DA:21,8
DA:22,12
DA:23,3
DA:24,52
LF:15
LH:15
end_of_record
TN:
SF:src/plugins/agent/ChatCompletionClient.ts
FNF:9
FNH:9
DA:2,132
DA:6,104
DA:7,112
DA:21,65
DA:24,13
DA:25,78
DA:26,88
DA:27,132
DA:28,10
DA:30,15
DA:31,20
DA:32,17
DA:33,10
DA:34,118
DA:35,152
DA:36,68
DA:39,36
DA:40,34
DA:41,125
DA:42,30
DA:43,32
DA:44,9
DA:47,41
DA:48,35
DA:49,32
DA:50,114
DA:51,7
DA:52,9
DA:53,29
DA:56,29
DA:57,118
DA:58,132
DA:60,2
DA:62,48
DA:63,44
DA:64,58
DA:65,5
DA:66,44
DA:69,45
DA:70,18
DA:71,14
DA:72,6
DA:73,104
DA:74,85
DA:77,26
DA:78,18
DA:79,14
DA:80,6
DA:81,88
DA:82,142
DA:83,126
DA:84,51
LF:52
LH:52
end_of_record
TN:
SF:src/plugins/agent/ChatCompletionFetch.ts
FNF:12
FNH:12
DA:6,6
DA:7,9
DA:8,5
DA:9,6
DA:10,10
DA:11,3
DA:12,66
DA:13,24
DA:16,1
DA:17,9
DA:18,5
DA:19,6
DA:20,11
DA:21,3
DA:22,59
DA:23,29
DA:24,1
DA:27,18
DA:28,21
DA:29,15
DA:30,2
DA:31,45
DA:34,35
DA:35,18
DA:36,19
DA:37,52
DA:38,31
DA:39,40
DA:40,4
DA:41,25
DA:44,27
DA:45,23
DA:46,10
DA:47,64
DA:48,3
DA:49,5
DA:52,11
DA:53,7
DA:54,27
DA:55,61
DA:59,18
DA:60,51
DA:61,106
LF:43
LH:43
end_of_record
TN:
SF:src/plugins/agent/ChatCompletionSettings.ts
FNF:1
FNH:1
DA:6,6
DA:7,27
DA:8,3
DA:9,77
DA:10,12
DA:11,38
DA:12,35
DA:13,1
LF:8
LH:8
end_of_record
TN:
SF:src/plugins/agent/ChatCompletionStream.ts
FNF:16
FNH:16
DA:16,6
DA:17,6
DA:18,8
DA:19,3
DA:20,50
DA:21,45
DA:22,33
DA:23,12
DA:26,1
DA:27,6
DA:28,7
DA:29,9
DA:30,3
DA:31,34
DA:32,59
DA:35,9
DA:36,40
DA:37,19
DA:38,6
DA:39,2
DA:40,65
DA:41,45
DA:42,19
DA:45,1
DA:46,7
DA:47,6
DA:48,9
DA:49,3
DA:50,20
DA:51,23
DA:52,29
DA:55,20
DA:56,53
DA:57,22
DA:58,30
DA:59,36
DA:60,3
DA:63,12
DA:64,33
DA:65,33
DA:66,30
DA:69,1
DA:70,7
DA:71,7
DA:72,9
DA:73,3
DA:74,33
DA:75,15
DA:76,36
DA:77,1
DA:80,1
DA:81,7
DA:82,7
DA:83,9
DA:84,3
DA:85,22
DA:86,18
DA:89,20
DA:90,29
DA:91,43
DA:92,1
DA:95,11
DA:96,31
DA:97,62
DA:100,11
DA:101,72
DA:102,41
DA:105,10
DA:106,9
DA:107,53
DA:108,11
DA:109,6
LF:72
LH:72
end_of_record
TN:
SF:src/plugins/agent/LmStudioClientFactory.ts
FNF:5
FNH:5
DA:2,56
DA:10,6
DA:11,9
DA:12,7
DA:13,27
DA:14,3
DA:15,70
DA:18,25
DA:19,12
DA:20,69
DA:21,60
DA:22,45
DA:23,2
DA:31,24
DA:32,141
DA:35,11
DA:36,16
DA:37,73
DA:38,33
DA:39,2
DA:40,12
DA:43,17
DA:44,75
DA:47,1
DA:48,9
DA:49,7
DA:50,13
DA:51,3
DA:52,70
LF:29
LH:29
end_of_record
TN:
SF:src/plugins/agent/LmStudioFinalMessage.ts
FNF:3
FNH:3
DA:3,15
DA:4,19
DA:5,18
DA:6,26
DA:7,8
DA:10,1
DA:11,6
DA:12,3
DA:13,30
LF:9
LH:9
end_of_record
TN:
SF:src/plugins/agent/LmStudioMcpClient.ts
FNF:18
FNH:18
DA:1,160
DA:2,100
DA:24,67
DA:27,13
DA:28,78
DA:29,88
DA:30,132
DA:31,10
DA:33,31
DA:34,94
DA:35,82
DA:36,98
DA:37,58
DA:38,39
DA:41,41
DA:42,123
DA:43,22
DA:44,49
DA:45,12
DA:46,86
DA:49,28
DA:50,34
DA:51,131
DA:52,110
DA:53,48
DA:54,78
DA:55,76
DA:56,34
DA:57,14
DA:60,39
DA:61,121
DA:62,47
DA:63,12
DA:64,49
DA:65,105
DA:66,9
DA:67,38
DA:70,38
DA:71,40
DA:72,42
DA:73,60
DA:74,66
DA:75,94
DA:76,12
DA:77,67
DA:82,23
DA:83,88
DA:84,28
DA:85,88
DA:86,103
DA:87,9
DA:90,43
DA:91,47
DA:92,20
DA:93,136
DA:94,7
DA:95,22
DA:98,49
DA:99,108
DA:100,217
DA:102,2
DA:104,79
DA:105,155
DA:108,38
DA:109,14
DA:110,54
DA:111,126
DA:115,107
LF:68
LH:68
end_of_record
TN:
SF:src/plugins/agent/LmStudioMcpClientLog.ts
FNF:4
FNH:4
DA:3,21
DA:4,77
DA:7,20
DA:8,77
DA:9,12
DA:10,70
DA:11,20
DA:12,4
DA:15,21
DA:16,55
DA:17,70
DA:18,11
LF:12
LH:12
end_of_record
TN:
SF:src/plugins/agent/LmStudioMcpJson.ts
FNF:15
FNH:15
DA:1,70
DA:2,42
DA:3,34
DA:4,53
DA:16,28
DA:18,11
DA:19,48
DA:32,31
DA:33,57
DA:34,68
DA:37,11
DA:38,74
DA:41,26
DA:42,55
DA:43,68
DA:54,6
DA:55,5
DA:56,3
DA:57,9
DA:58,44
DA:59,19
DA:60,53
DA:64,11
DA:65,30
DA:68,9
DA:69,9
DA:70,35
DA:71,11
DA:72,6
DA:76,11
DA:77,41
DA:78,38
DA:79,65
DA:82,11
DA:83,76
DA:86,6
DA:87,10
DA:88,9
DA:89,3
DA:90,48
DA:91,59
DA:94,16
DA:95,26
DA:96,72
DA:97,2
DA:104,6
DA:105,6
DA:106,9
DA:107,3
DA:108,34
DA:109,46
DA:110,69
DA:111,69
DA:112,31
LF:54
LH:54
end_of_record
TN:
SF:src/plugins/agent/LmStudioTurnParsing.ts
FNF:2
FNH:2
DA:3,15
DA:4,21
DA:5,44
DA:6,12
DA:7,2
DA:8,62
DA:11,11
DA:12,50
LF:8
LH:8
end_of_record
TN:
SF:src/plugins/fixture/FixtureManifest.ts
FNF:3
FNH:3
DA:1,57
DA:2,73
DA:5,16
DA:6,49
DA:7,55
DA:8,48
DA:9,57
DA:12,11
DA:13,47
DA:14,41
DA:15,60
DA:16,4
DA:17,16
DA:18,40
DA:19,2
DA:20,12
LF:16
LH:16
end_of_record
TN:
SF:src/plugins/fixture/FixturePlugin.ts
FNF:6
FNH:6
DA:14,1
DA:16,27
DA:17,24
DA:19,28
DA:20,25
DA:23,37
DA:24,61
DA:27,40
DA:28,83
DA:31,9
DA:32,16
DA:33,22
DA:34,18
DA:35,10
DA:36,66
DA:37,114
DA:38,128
DA:39,154
DA:41,1
LF:19
LH:19
end_of_record
TN:
SF:src/plugins/fixture/FixtureProvider.ts
FNF:8
FNH:8
DA:4,84
DA:6,28
DA:7,89
DA:8,85
DA:9,5
DA:10,30
DA:13,28
DA:14,77
DA:15,76
DA:16,82
DA:17,116
DA:18,73
DA:21,28
DA:22,54
DA:23,18
DA:24,9
DA:25,62
DA:26,23
DA:27,9
DA:28,87
DA:31,23
DA:32,87
DA:35,32
DA:36,86
DA:38,1
LF:25
LH:25
end_of_record
TN:
SF:src/plugins/fixture/FixtureStreamCommit.ts
FNF:5
FNH:5
DA:3,64
DA:13,6
DA:14,8
DA:15,9
DA:16,9
DA:17,3
DA:18,77
DA:19,15
DA:20,50
DA:21,1
DA:24,1
DA:25,8
DA:26,9
DA:27,8
DA:28,10
DA:29,3
DA:30,54
DA:31,63
DA:32,70
DA:35,19
DA:36,55
LF:21
LH:21
end_of_record
TN:
SF:src/plugins/fixture/FixtureStreamDriver.ts
FNF:20
FNH:20
DA:9,110
DA:10,144
DA:11,116
DA:13,37
DA:20,1
DA:22,13
DA:23,16
DA:24,84
DA:25,10
DA:26,64
DA:27,68
DA:28,68
DA:29,110
DA:32,45
DA:33,74
DA:34,30
DA:35,40
DA:36,43
DA:37,103
DA:38,9
DA:41,21
DA:42,32
DA:43,75
DA:44,37
DA:45,26
DA:47,21
DA:48,45
DA:49,60
DA:50,9
DA:51,60
DA:54,20
DA:55,58
DA:58,20
DA:59,32
DA:60,95
DA:61,57
DA:62,12
DA:65,38
DA:66,83
DA:67,17
DA:68,9
DA:69,96
DA:70,113
DA:71,81
DA:72,12
DA:75,12
DA:76,16
DA:77,12
DA:78,12
DA:79,10
DA:80,134
DA:81,41
DA:82,100
DA:83,14
DA:86,55
DA:87,150
DA:88,37
DA:89,92
DA:90,10
DA:93,59
DA:94,96
DA:95,108
DA:96,125
DA:99,15
DA:100,18
DA:101,18
DA:102,10
DA:103,90
DA:104,117
DA:105,111
DA:106,9
DA:107,29
DA:110,38
DA:111,122
DA:113,2
LF:75
LH:75
end_of_record
TN:
SF:src/plugins/fixture/FixtureStreamManifest.ts
FNF:9
FNH:9
DA:2,73
DA:4,6
DA:5,7
DA:6,3
DA:7,59
DA:10,11
DA:11,67
DA:12,23
DA:13,41
DA:14,13
DA:15,22
DA:16,4
DA:17,32
DA:20,13
DA:21,53
DA:22,46
DA:23,1
DA:26,11
DA:27,47
DA:28,57
DA:29,35
DA:30,48
DA:31,2
DA:32,34
DA:33,59
DA:36,11
DA:37,47
DA:38,50
DA:39,1
DA:42,11
DA:43,7
DA:44,71
LF:32
LH:32
end_of_record
TN:
SF:src/plugins/fixture/FixtureStreamRegistration.ts
FNF:12
FNH:12
DA:11,1
DA:13,13
DA:14,66
DA:15,96
DA:16,108
DA:17,72
DA:18,10
DA:20,20
DA:21,82
DA:22,68
DA:23,56
DA:26,21
DA:27,81
DA:28,59
DA:29,12
DA:30,56
DA:33,31
DA:34,52
DA:35,95
DA:36,79
DA:37,12
DA:38,31
DA:41,43
DA:42,81
DA:43,61
DA:44,62
DA:45,10
DA:46,12
DA:49,16
DA:50,16
DA:51,14
DA:52,10
DA:53,96
DA:54,145
DA:55,92
DA:56,9
DA:59,45
DA:60,66
DA:61,146
DA:62,28
DA:64,1
DA:66,39
DA:67,57
LF:43
LH:43
end_of_record
TN:
SF:src/plugins/fixture/FixtureStreamSchedule.ts
FNF:9
FNH:9
DA:4,6
DA:5,5
DA:6,8
DA:7,6
DA:8,6
DA:9,3
DA:10,42
DA:11,53
DA:12,66
DA:15,1
DA:16,8
DA:17,6
DA:18,7
DA:19,3
DA:20,28
DA:21,11
DA:22,47
DA:25,1
DA:26,5
DA:27,8
DA:28,9
DA:29,6
DA:30,3
DA:31,53
DA:32,80
DA:33,30
DA:36,18
DA:37,42
DA:38,34
DA:39,4
DA:40,24
DA:43,26
DA:44,22
DA:45,16
DA:46,60
DA:47,32
DA:48,2
DA:49,12
DA:52,1
DA:53,9
DA:54,12
DA:55,8
DA:56,7
DA:57,3
DA:58,46
DA:59,60
DA:62,1
DA:63,5
DA:64,8
DA:65,12
DA:66,3
DA:67,58
DA:68,62
DA:77,1
DA:78,8
DA:79,7
DA:80,7
DA:81,3
DA:82,71
LF:59
LH:59
end_of_record
TN:
SF:src/plugins/github/GitHubApiClient.ts
FNF:15
FNH:15
DA:8,102
DA:16,104
DA:18,65
DA:21,13
DA:22,78
DA:23,88
DA:24,132
DA:25,10
DA:27,33
DA:28,118
DA:29,38
DA:30,138
DA:31,15
DA:34,56
DA:35,98
DA:36,82
DA:37,70
DA:38,26
DA:39,54
DA:40,72
DA:41,58
DA:42,17
DA:45,15
DA:46,24
DA:47,11
DA:48,10
DA:49,108
DA:50,82
DA:51,140
DA:54,59
DA:55,148
DA:58,13
DA:59,10
DA:60,17
DA:61,10
DA:62,138
DA:63,62
DA:66,37
DA:67,82
DA:68,106
DA:69,64
DA:70,14
DA:71,117
DA:74,26
DA:75,71
DA:77,42
DA:78,87
DA:80,20
DA:81,100
DA:82,84
DA:84,2
LF:51
LH:51
end_of_record
TN:
SF:src/plugins/github/GitHubApiFailure.ts
FNF:5
FNH:5
DA:8,18
DA:9,37
DA:12,37
DA:13,12
DA:14,75
DA:15,18
DA:16,24
DA:17,27
DA:18,19
DA:19,1
DA:22,14
DA:23,57
DA:24,45
DA:27,10
DA:28,35
DA:31,16
DA:32,7
DA:33,27
DA:34,61
LF:19
LH:19
end_of_record
TN:
SF:src/plugins/github/GitHubApiFetch.ts
FNF:13
FNH:13
DA:2,61
DA:11,19
DA:12,71
DA:13,18
DA:16,6
DA:17,6
DA:18,5
DA:19,7
DA:20,3
DA:21,49
DA:24,22
DA:25,56
DA:26,17
DA:27,48
DA:28,2
DA:29,10
DA:32,22
DA:33,53
DA:34,67
DA:35,9
DA:36,37
DA:37,19
DA:38,55
DA:42,27
DA:43,24
DA:44,72
DA:45,9
DA:48,26
DA:49,51
DA:50,53
DA:53,22
DA:54,12
DA:55,14
DA:56,66
DA:57,1
LF:35
LH:35
end_of_record
TN:
SF:src/plugins/github/GitHubApiSummary.ts
FNF:1
FNH:1
DA:1,6
DA:2,6
DA:3,9
DA:4,3
DA:5,56
DA:6,44
LF:6
LH:6
end_of_record
TN:
SF:src/plugins/github/GitHubCollectionSource.ts
FNF:12
FNH:12
DA:1,82
DA:32,95
DA:34,36
DA:35,100
DA:36,28
DA:37,70
DA:38,74
DA:39,84
DA:40,108
DA:41,10
DA:44,33
DA:45,113
DA:47,35
DA:48,80
DA:49,28
DA:50,80
DA:51,130
DA:52,9
DA:54,52
DA:55,52
DA:56,53
DA:57,58
DA:58,64
DA:59,3
DA:60,9
DA:62,11
DA:63,16
DA:64,12
DA:65,10
DA:66,74
DA:67,68
DA:68,121
DA:70,34
DA:71,198
DA:73,2
DA:75,60
DA:76,63
DA:77,35
DA:78,5
DA:79,69
DA:80,85
DA:81,3
DA:82,9
DA:85,40
DA:86,24
DA:87,48
DA:88,44
DA:89,60
DA:90,46
DA:91,5
LF:50
LH:50
end_of_record
TN:
SF:src/plugins/github/GitHubManifest.ts
FNF:4
FNH:4
DA:2,63
DA:4,16
DA:5,48
DA:6,64
DA:7,24
DA:10,12
DA:11,25
DA:12,54
DA:13,40
DA:14,2
DA:15,39
DA:16,33
DA:19,33
DA:20,7
DA:21,31
DA:22,29
DA:23,25
DA:24,27
DA:25,12
DA:26,10
DA:30,11
DA:31,7
DA:32,29
DA:33,48
LF:24
LH:24
end_of_record
TN:
SF:src/plugins/github/GitHubPlugin.ts
FNF:12
FNH:12
DA:16,1
DA:18,105
DA:19,24
DA:22,28
DA:23,28
DA:24,54
DA:25,137
DA:26,9
DA:29,37
DA:30,59
DA:38,39
DA:39,93
DA:42,32
DA:43,151
DA:46,73
DA:47,91
DA:48,53
DA:49,30
DA:52,57
DA:53,94
DA:54,116
DA:55,50
DA:56,76
DA:57,36
DA:58,54
DA:59,10
DA:62,42
DA:63,137
DA:64,69
DA:65,47
DA:66,39
DA:67,91
DA:68,9
DA:69,33
DA:72,61
DA:73,34
DA:74,26
DA:75,68
DA:76,66
DA:77,8
DA:79,1
DA:81,50
DA:82,121
DA:83,29
DA:84,129
DA:87,48
DA:88,14
DA:89,397
LF:48
LH:48
end_of_record
TN:
SF:src/plugins/github/GitHubSettings.ts
FNF:3
FNH:3
DA:6,36
DA:7,45
DA:8,40
DA:9,53
DA:10,2
DA:11,12
DA:12,38
DA:13,38
DA:14,1
DA:17,17
DA:18,7
DA:19,35
DA:20,59
DA:24,10
DA:25,31
DA:26,31
DA:27,2
DA:28,34
DA:29,23
DA:30,24
LF:20
LH:20
end_of_record
TN:
SF:src/plugins/github/GitHubTraceReifier.ts
FNF:7
FNH:7
DA:2,104
DA:7,100
DA:8,104
DA:11,95
DA:13,48
DA:14,65
DA:15,83
DA:16,12
DA:17,88
DA:18,156
DA:21,51
DA:22,160
DA:23,82
DA:24,61
DA:25,14
DA:26,74
DA:29,35
DA:30,92
DA:32,128
DA:34,2
DA:36,105
DA:37,123
LF:22
LH:22
end_of_record
TN:
SF:src/plugins/slack/SlackAction.ts
FNF:2
FNH:2
DA:10,18
DA:11,36
DA:12,30
DA:13,38
DA:14,28
DA:17,20
DA:18,55
DA:19,20
DA:20,69
DA:21,35
DA:22,51
DA:23,1
LF:12
LH:12
end_of_record
TN:
SF:src/plugins/slack/SlackApiClient.ts
FNF:14
FNH:14
DA:1,96
DA:2,78
DA:21,66
DA:24,13
DA:25,78
DA:26,88
DA:27,132
DA:28,10
DA:30,47
DA:31,144
DA:32,142
DA:33,34
DA:34,14
DA:35,65
DA:38,53
DA:39,154
DA:40,118
DA:41,41
DA:44,24
DA:45,132
DA:46,46
DA:49,40
DA:50,79
DA:52,20
DA:53,100
DA:54,85
DA:57,75
DA:58,133
DA:61,78
DA:62,144
DA:65,11
DA:66,12
DA:67,18
DA:68,22
DA:69,11
DA:70,10
DA:71,124
DA:72,104
DA:74,2
DA:76,50
DA:77,87
LF:41
LH:41
end_of_record
TN:
SF:src/plugins/slack/SlackApiFetch.ts
FNF:8
FNH:8
DA:14,6
DA:15,6
DA:16,6
DA:17,5
DA:18,3
DA:19,52
DA:20,37
DA:21,26
DA:24,16
DA:25,26
DA:26,77
DA:27,2
DA:28,11
DA:31,22
DA:32,48
DA:33,53
DA:34,45
DA:35,12
DA:36,43
DA:37,51
DA:40,14
DA:41,12
DA:42,46
DA:43,36
DA:44,1
DA:47,27
DA:48,23
DA:49,71
DA:50,5
DA:53,11
DA:54,7
DA:55,27
DA:56,61
LF:33
LH:33
end_of_record
TN:
SF:src/plugins/slack/SlackCollectionSource.ts
FNF:7
FNH:7
DA:1,82
DA:15,45
DA:18,95
DA:20,36
DA:21,84
DA:22,137
DA:24,2
DA:26,46
DA:27,24
DA:28,110
DA:29,66
DA:30,74
DA:31,5
DA:34,44
DA:35,32
DA:36,16
DA:37,20
DA:38,82
DA:39,19
DA:42,44
DA:43,199
LF:21
LH:21
end_of_record
TN:
SF:src/plugins/slack/SlackCommands.ts
FNF:4
FNH:4
DA:1,82
DA:10,1
DA:12,23
DA:13,49
DA:14,54
DA:15,42
DA:16,9
DA:17,69
DA:20,46
DA:21,116
DA:22,114
DA:23,94
DA:24,68
DA:25,116
DA:26,84
DA:27,126
DA:29,2
DA:31,45
DA:32,53
LF:19
LH:19
end_of_record
TN:
SF:src/plugins/slack/SlackDirectoryCommit.ts
FNF:20
FNH:20
DA:4,47
DA:19,15
DA:20,12
DA:21,24
DA:22,59
DA:23,59
DA:24,41
DA:25,47
DA:26,1
DA:29,10
DA:30,25
DA:33,19
DA:34,20
DA:35,9
DA:36,33
DA:39,27
DA:40,46
DA:41,67
DA:44,19
DA:45,41
DA:46,16
DA:47,44
DA:48,2
DA:49,12
DA:52,19
DA:53,59
DA:56,18
DA:57,41
DA:58,16
DA:59,6
DA:60,2
DA:61,75
DA:70,19
DA:71,57
DA:74,18
DA:75,49
DA:76,15
DA:77,71
DA:78,1
DA:81,18
DA:82,38
DA:83,68
DA:84,5
DA:85,41
LF:44
LH:44
end_of_record
TN:
SF:src/plugins/slack/SlackDirectoryDriver.ts
FNF:14
FNH:14
DA:1,82
DA:7,98
DA:8,108
DA:9,118
DA:10,102
DA:11,110
DA:12,111
DA:19,1
DA:21,13
DA:22,66
DA:23,84
DA:24,10
DA:25,96
DA:26,50
DA:27,130
DA:30,21
DA:31,81
DA:32,73
DA:33,12
DA:34,56
DA:37,20
DA:38,52
DA:39,95
DA:40,79
DA:41,12
DA:42,70
DA:43,61
DA:46,24
DA:47,109
DA:50,44
DA:51,81
DA:52,52
DA:53,38
DA:54,10
DA:55,12
DA:58,16
DA:59,16
DA:60,14
DA:61,10
DA:62,79
DA:63,80
DA:64,9
DA:67,39
DA:68,76
DA:69,154
DA:70,34
DA:76,52
DA:77,90
DA:78,140
DA:79,94
DA:80,148
DA:81,126
DA:82,139
DA:85,26
DA:86,94
DA:87,78
DA:89,2
LF:57
LH:57
end_of_record
TN:
SF:src/plugins/slack/SlackErrorRecord.ts
FNF:5
FNH:5
DA:8,6
DA:9,8
DA:10,9
DA:11,7
DA:12,3
DA:13,76
DA:14,31
DA:17,1
DA:18,8
DA:19,9
DA:20,3
DA:21,15
DA:22,11
DA:23,40
DA:24,43
DA:25,1
DA:28,1
DA:29,9
DA:30,9
DA:31,3
DA:32,34
DA:33,55
DA:34,18
DA:37,13
DA:38,44
DA:41,24
DA:42,54
DA:43,63
LF:28
LH:28
end_of_record
TN:
SF:src/plugins/slack/SlackInboundPoller.ts
FNF:20
FNH:20
DA:3,172
DA:10,180
DA:18,100
DA:20,57
DA:26,1
DA:28,13
DA:29,66
DA:30,96
DA:31,84
DA:32,150
DA:33,10
DA:35,21
DA:36,146
DA:38,21
DA:39,45
DA:40,60
DA:41,9
DA:43,20
DA:44,24
DA:47,20
DA:48,99
DA:49,111
DA:50,57
DA:51,12
DA:52,15
DA:55,38
DA:56,82
DA:57,95
DA:58,82
DA:59,15
DA:62,53
DA:63,58
DA:64,22
DA:65,165
DA:66,14
DA:67,74
DA:71,31
DA:72,152
DA:75,29
DA:76,104
DA:77,90
DA:78,39
DA:79,128
DA:80,100
DA:81,17
DA:82,9
DA:83,108
DA:86,70
DA:87,96
DA:88,124
DA:89,148
DA:90,116
DA:91,90
DA:92,140
DA:95,32
DA:96,110
DA:97,37
DA:98,31
DA:99,9
DA:100,88
DA:101,88
DA:102,26
DA:105,71
DA:106,82
DA:107,134
DA:109,2
LF:66
LH:66
end_of_record
TN:
SF:src/plugins/slack/SlackInboundPollerRoute.ts
FNF:4
FNH:4
DA:5,71
DA:24,6
DA:25,6
DA:26,6
DA:27,11
DA:28,9
DA:29,3
DA:30,54
DA:31,68
DA:32,43
DA:35,27
DA:36,49
DA:37,73
DA:38,48
DA:41,12
DA:42,65
DA:43,12
DA:44,12
DA:45,19
DA:46,12
DA:47,37
DA:48,1
LF:22
LH:22
end_of_record
TN:
SF:src/plugins/slack/SlackInboundPollerSupport.ts
FNF:7
FNH:7
DA:2,53
DA:7,6
DA:8,9
DA:9,8
DA:10,9
DA:11,3
DA:12,36
DA:13,47
DA:14,2
DA:17,6
DA:18,8
DA:19,3
DA:20,37
DA:21,6
DA:22,2
DA:23,31
DA:24,30
DA:27,27
DA:28,37
DA:31,25
DA:32,74
DA:35,32
DA:36,12
DA:37,118
DA:39,4
DA:42,6
DA:43,9
DA:44,14
DA:45,12
DA:46,3
DA:47,12
DA:48,65
DA:49,12
DA:50,3
LF:34
LH:34
end_of_record
TN:
SF:src/plugins/slack/SlackInboundReaction.ts
FNF:18
FNH:18
DA:2,46
DA:3,54
DA:11,39
DA:12,32
DA:14,6
DA:15,8
DA:16,9
DA:17,9
DA:18,3
DA:19,44
DA:20,65
DA:21,28
DA:22,3
DA:25,1
DA:26,9
DA:27,9
DA:28,8
DA:29,3
DA:30,33
DA:31,41
DA:32,8
DA:35,1
DA:36,9
DA:37,9
DA:38,7
DA:39,3
DA:40,32
DA:41,55
DA:44,20
DA:45,70
DA:46,51
DA:47,36
DA:50,22
DA:51,19
DA:52,72
DA:53,1
DA:56,22
DA:57,19
DA:58,30
DA:59,17
DA:60,12
DA:61,16
DA:63,1
DA:66,11
DA:67,36
DA:68,28
DA:69,3
DA:72,11
DA:73,55
DA:76,19
DA:77,14
DA:78,76
DA:79,5
DA:80,3
LF:54
LH:54
end_of_record
TN:
SF:src/plugins/slack/SlackInboundRouting.ts
FNF:8
FNH:8
DA:1,41
DA:5,67
DA:10,54
DA:11,47
DA:37,6
DA:38,9
DA:39,8
DA:40,8
DA:41,3
DA:42,71
DA:43,29
DA:44,75
DA:45,68
DA:48,1
DA:49,8
DA:50,8
DA:51,9
DA:52,7
DA:53,3
DA:54,66
DA:64,22
DA:65,58
DA:66,79
DA:67,70
DA:70,24
DA:71,53
DA:72,46
DA:75,17
DA:76,28
DA:79,6
DA:80,9
DA:81,6
DA:82,3
DA:83,29
DA:84,79
DA:85,59
DA:86,1
LF:37
LH:37
end_of_record
TN:
SF:src/plugins/slack/SlackInboundSchedule.ts
FNF:14
FNH:14
DA:14,6
DA:15,11
DA:16,8
DA:17,10
DA:18,23
DA:19,3
DA:20,64
DA:21,67
DA:24,1
DA:25,11
DA:26,8
DA:27,10
DA:28,3
DA:29,16
DA:30,46
DA:31,53
DA:34,1
DA:35,10
DA:36,11
DA:37,16
DA:38,3
DA:39,23
DA:40,51
DA:41,8
DA:44,10
DA:45,34
DA:48,16
DA:49,59
DA:52,26
DA:53,46
DA:56,20
DA:57,25
DA:60,26
DA:61,59
DA:64,26
DA:65,74
DA:73,19
DA:74,26
DA:75,9
DA:76,2
DA:77,59
DA:78,25
DA:81,21
DA:82,62
LF:44
LH:44
end_of_record
TN:
SF:src/plugins/slack/SlackManifest.ts
FNF:9
FNH:9
DA:2,73
DA:4,17
DA:5,12
DA:6,8
DA:7,12
DA:8,19
DA:9,19
DA:10,12
DA:11,2
DA:13,16
DA:14,47
DA:15,39
DA:16,37
DA:17,27
DA:20,12
DA:21,12
DA:22,28
DA:23,25
DA:24,37
DA:25,58
DA:26,58
DA:27,59
DA:28,1
DA:31,11
DA:32,29
DA:33,6
DA:34,2
DA:35,47
DA:36,47
DA:37,2
DA:38,12
DA:41,11
DA:42,47
DA:45,17
DA:46,29
DA:47,6
DA:48,2
DA:49,36
DA:50,40
DA:51,2
DA:52,12
DA:55,13
DA:56,53
DA:57,40
DA:58,1
DA:61,11
DA:62,29
DA:63,6
DA:64,2
DA:65,45
DA:66,40
DA:67,2
DA:68,12
DA:71,11
DA:72,29
DA:73,6
DA:74,2
DA:75,27
DA:76,36
DA:77,2
DA:78,12
DA:81,11
DA:82,7
DA:83,52
LF:64
LH:64
end_of_record
TN:
SF:src/plugins/slack/SlackOutboxAttempt.ts
FNF:6
FNH:6
DA:3,85
DA:26,23
DA:27,45
DA:28,62
DA:29,9
DA:30,41
DA:31,42
DA:32,19
DA:33,59
DA:37,24
DA:38,64
DA:39,38
DA:44,18
DA:45,52
DA:46,68
DA:47,52
LF:16
LH:16
end_of_record
TN:
SF:src/plugins/slack/SlackOutboxEntries.ts
FNF:2
FNH:2
DA:9,22
DA:10,53
DA:13,21
DA:14,68
LF:4
LH:4
end_of_record
TN:
SF:src/plugins/slack/SlackOutboxRecovery.ts
FNF:8
FNH:8
DA:4,52
DA:14,23
DA:15,42
DA:16,37
DA:17,1
DA:20,18
DA:21,37
DA:22,6
DA:23,2
DA:24,59
DA:25,67
DA:26,1
DA:29,10
DA:30,50
DA:31,46
DA:32,17
DA:33,6
DA:34,2
DA:35,46
DA:36,62
DA:39,19
DA:40,61
DA:41,16
DA:42,6
DA:43,2
DA:44,37
DA:45,29
DA:46,47
DA:47,9
DA:50,9
DA:53,3
DA:54,8
DA:55,60
DA:56,36
LF:34
LH:34
end_of_record
TN:
SF:src/plugins/slack/SlackOutboxStatus.ts
FNF:6
FNH:6
DA:1,49
DA:10,20
DA:11,38
DA:14,20
DA:15,39
DA:18,20
DA:19,61
DA:22,27
DA:23,12
DA:24,20
DA:25,14
DA:26,23
DA:27,26
DA:28,2
DA:36,21
DA:37,74
DA:39,20
DA:40,12
DA:41,21
DA:42,14
DA:43,23
DA:44,22
DA:45,1
DA:48,6
DA:49,31
LF:25
LH:25
end_of_record
TN:
SF:src/plugins/slack/SlackOutboxStore.ts
FNF:8
FNH:8
DA:3,128
DA:4,131
DA:13,13
DA:14,66
DA:15,72
DA:16,73
DA:17,10
DA:24,60
DA:25,146
DA:26,81
DA:29,47
DA:30,160
DA:33,50
DA:34,86
DA:35,37
DA:36,132
DA:37,122
DA:38,10
DA:41,36
DA:42,130
DA:44,2
LF:21
LH:21
end_of_record
TN:
SF:src/plugins/slack/SlackPlugin.ts
FNF:12
FNH:12
DA:18,1
DA:20,89
DA:21,24
DA:24,28
DA:25,107
DA:28,37
DA:29,57
DA:39,39
DA:40,103
DA:43,32
DA:44,101
DA:47,23
DA:48,28
DA:49,18
DA:50,42
DA:51,80
DA:52,50
DA:53,100
DA:54,10
DA:55,9
DA:58,24
DA:59,51
DA:62,72
DA:63,122
DA:66,57
DA:67,96
DA:68,26
DA:69,12
DA:70,50
DA:71,76
DA:72,32
DA:73,10
DA:76,24
DA:77,49
DA:78,107
DA:79,9
DA:80,43
DA:83,61
DA:84,34
DA:85,26
DA:86,68
DA:87,66
DA:88,8
DA:90,1
LF:44
LH:44
end_of_record
TN:
SF:src/plugins/slack/SlackPluginLookup.ts
FNF:3
FNH:3
DA:4,6
DA:5,8
DA:6,4
DA:7,3
DA:8,22
DA:9,9
DA:10,60
[...]
DA:3,25
DA:4,18
DA:5,33
DA:6,31
DA:7,48
DA:8,3
DA:11,1
DA:12,8
DA:13,8
DA:14,8
DA:15,3
DA:16,71
DA:19,20
DA:20,39
DA:21,14
DA:22,19
DA:23,2
DA:24,11
DA:27,20
DA:28,33
DA:29,33
DA:30,40
DA:31,11
LF:23
LH:23
end_of_record
TN:
SF:src/protocol/client.ts
FNF:22
FNH:22
DA:1,88
DA:5,108
DA:6,84
DA:8,104
DA:10,183
DA:24,1
DA:26,89
DA:27,71
DA:28,46
DA:29,48
DA:30,77
DA:32,12
DA:33,62
DA:34,135
DA:37,37
DA:38,90
DA:39,56
DA:40,71
DA:43,34
DA:44,94
DA:45,49
DA:46,79
DA:47,9
DA:48,48
DA:51,37
DA:52,65
DA:54,39
DA:55,87
DA:58,51
DA:59,99
DA:61,58
DA:62,123
DA:64,30
DA:65,95
DA:67,31
DA:68,97
DA:70,33
DA:71,101
DA:73,23
DA:74,83
DA:76,35
DA:77,84
DA:80,21
DA:81,44
DA:82,146
DA:85,34
DA:86,94
DA:87,136
DA:88,128
DA:91,34
DA:92,74
DA:94,2
LF:52
LH:52
end_of_record
TN:
SF:src/protocol/local.ts
FNF:11
FNH:11
DA:1,56
DA:3,107
DA:7,1
DA:9,51
DA:10,73
DA:13,38
DA:14,88
DA:16,39
DA:17,122
DA:18,61
DA:19,74
DA:20,9
DA:21,44
DA:23,51
DA:24,134
DA:27,34
DA:28,94
DA:29,42
DA:30,42
DA:31,9
DA:32,53
DA:35,34
DA:36,86
DA:37,128
DA:38,43
DA:39,9
DA:40,28
DA:41,20
DA:42,96
DA:43,44
DA:46,21
DA:47,54
DA:49,2
LF:33
LH:33
end_of_record
TN:
SF:src/protocol/server.ts
FNF:27
FNH:27
DA:1,80
DA:4,112
DA:6,144
DA:8,156
DA:9,134
DA:10,104
DA:11,136
DA:12,108
DA:13,108
DA:16,87
DA:24,1
DA:25,101
DA:26,150
DA:27,91
DA:28,71
DA:29,12
DA:30,96
DA:31,136
DA:33,40
DA:34,93
DA:36,24
DA:37,28
DA:38,60
DA:39,68
DA:40,68
DA:41,81
DA:42,91
DA:44,67
DA:45,77
DA:47,132
DA:48,28
DA:50,35
DA:51,146
DA:52,84
DA:53,56
DA:54,50
DA:55,48
DA:56,72
DA:57,34
DA:58,24
DA:60,25
DA:61,79
DA:62,95
DA:63,48
DA:64,45
DA:65,65
DA:66,12
DA:67,23
DA:69,11
DA:70,20
DA:71,18
DA:72,10
DA:73,132
DA:74,120
DA:75,102
DA:76,33
DA:78,23
DA:79,73
DA:81,30
DA:82,70
DA:84,21
DA:85,56
DA:86,60
DA:87,70
DA:88,70
DA:89,81
DA:92,53
DA:93,96
DA:95,37
DA:96,82
DA:98,53
DA:99,108
DA:102,27
DA:103,83
DA:105,52
DA:106,51
DA:107,75
DA:108,124
DA:110,2
DA:112,43
DA:113,89
DA:114,61
DA:115,30
DA:116,20
DA:117,31
DA:118,42
DA:120,9
DA:121,5
LF:88
LH:88
end_of_record
TN:
SF:src/protocol/version.ts
FNF:1
FNH:1
DA:1,33
LF:1
LH:1
end_of_record
TN:
SF:src/traces/EvidenceOperations.ts
FNF:14
FNH:14
DA:4,59
DA:6,47
DA:8,44
DA:10,6
DA:11,9
DA:12,8
DA:13,10
DA:14,6
DA:15,3
DA:16,45
DA:17,53
DA:18,57
DA:21,1
DA:22,9
DA:23,8
DA:24,10
DA:25,7
DA:26,3
DA:27,36
DA:28,40
DA:31,1
DA:32,9
DA:33,8
DA:34,6
DA:35,3
DA:36,60
DA:37,52
DA:40,1
DA:41,9
DA:42,8
DA:43,7
DA:44,3
DA:45,38
DA:46,49
DA:47,47
DA:48,76
DA:51,1
DA:52,9
DA:53,8
DA:54,7
DA:55,3
DA:56,62
DA:57,12
DA:60,1
DA:61,9
DA:62,10
DA:63,7
DA:64,3
DA:65,30
DA:66,48
DA:67,4
DA:68,26
DA:69,58
DA:72,29
DA:73,12
DA:74,20
DA:75,11
DA:76,13
DA:77,33
DA:78,31
DA:79,1
DA:82,1
DA:83,9
DA:84,6
DA:85,8
DA:86,3
DA:87,30
DA:88,64
DA:89,1
DA:92,19
DA:93,74
DA:96,10
DA:97,22
LF:73
LH:73
end_of_record
TN:
SF:src/traces/EvidenceRestore.ts
FNF:7
FNH:7
DA:4,59
DA:6,47
DA:8,6
DA:9,9
DA:10,10
DA:11,12
DA:12,3
DA:13,71
DA:14,45
DA:17,1
DA:18,9
DA:19,10
DA:20,12
DA:21,3
DA:22,47
DA:23,38
DA:24,59
DA:25,12
DA:28,23
DA:29,71
DA:30,28
DA:31,12
DA:34,11
DA:35,36
DA:36,40
DA:37,1
DA:40,1
DA:41,10
DA:42,13
DA:43,7
DA:44,3
DA:45,39
DA:46,58
LF:33
LH:33
end_of_record
TN:
SF:src/traces/TraceBlobRecovery.ts
FNF:10
FNH:10
DA:9,6
DA:10,8
DA:11,7
DA:12,7
DA:13,3
DA:14,71
DA:17,26
DA:18,53
DA:19,48
DA:20,2
DA:21,66
DA:22,49
DA:25,1
DA:26,7
DA:27,7
DA:28,7
DA:29,3
DA:30,56
DA:31,12
DA:34,1
DA:35,9
DA:36,7
DA:37,7
DA:38,3
DA:39,64
DA:42,12
DA:43,48
DA:46,22
DA:47,29
DA:48,68
DA:49,1
LF:31
LH:31
end_of_record
TN:
SF:src/traces/TraceCapture.ts
FNF:14
FNH:14
DA:2,52
DA:11,6
DA:12,7
DA:13,6
DA:14,7
DA:15,3
DA:16,41
DA:17,40
DA:18,1
DA:21,17
DA:22,62
DA:25,17
DA:26,52
DA:27,68
DA:28,3
DA:31,6
DA:32,7
DA:33,7
DA:34,6
DA:35,10
DA:36,3
DA:37,50
DA:40,1
DA:41,8
DA:42,6
DA:43,9
DA:44,3
DA:45,44
DA:46,46
DA:47,2
DA:48,47
DA:51,1
DA:52,8
DA:53,6
DA:54,9
DA:55,3
DA:56,40
DA:57,76
DA:58,45
DA:61,1
DA:62,8
DA:63,6
DA:64,10
DA:65,6
DA:66,3
DA:67,53
DA:68,57
DA:71,27
DA:72,66
DA:73,64
DA:76,18
DA:77,40
LF:52
LH:52
end_of_record
TN:
SF:src/traces/TraceContextFilesystem.ts
FNF:7
FNH:7
DA:4,18
DA:5,12
DA:6,41
DA:7,37
DA:8,37
DA:9,37
DA:10,23
DA:11,29
DA:13,32
DA:14,35
DA:16,1
LF:11
LH:11
end_of_record
TN:
SF:src/traces/TraceEntryValidation.ts
FNF:7
FNH:7
DA:3,16
DA:4,25
DA:5,29
DA:8,18
DA:9,36
DA:10,24
DA:11,37
DA:12,21
DA:13,4
DA:14,12
DA:17,11
DA:18,4
DA:19,18
DA:20,5
DA:21,41
DA:22,2
DA:25,15
DA:26,76
DA:27,52
DA:28,1
DA:31,10
DA:32,45
DA:35,11
DA:36,39
DA:37,39
DA:38,1
LF:26
LH:26
end_of_record
TN:
SF:src/traces/TraceManifestPath.ts
FNF:1
FNH:1
DA:3,15
DA:4,27
LF:2
LH:2
end_of_record
TN:
SF:src/traces/TraceMaterialize.ts
FNF:7
FNH:7
DA:4,49
DA:11,6
DA:12,6
DA:13,7
DA:14,7
DA:15,12
DA:16,3
DA:17,38
DA:18,27
DA:19,53
DA:22,24
DA:23,35
DA:24,67
DA:25,1
DA:28,1
DA:29,6
DA:30,7
DA:31,7
DA:32,12
DA:33,3
DA:34,36
DA:35,45
DA:38,1
DA:39,8
DA:40,7
DA:41,12
DA:42,3
DA:43,39
DA:44,54
DA:45,1
LF:30
LH:30
end_of_record
TN:
SF:src/traces/TraceMaterializer.ts
FNF:11
FNH:11
DA:2,52
DA:5,65
DA:6,47
DA:14,6
DA:15,8
DA:16,7
DA:17,13
DA:18,6
DA:19,3
DA:20,21
DA:21,54
DA:24,1
DA:25,8
DA:26,7
DA:27,13
DA:28,6
DA:29,3
DA:30,59
DA:31,60
DA:32,59
DA:35,1
DA:36,7
DA:37,13
DA:38,6
DA:39,7
DA:40,3
DA:41,42
DA:42,52
DA:45,27
DA:46,23
DA:47,50
DA:50,1
DA:51,7
DA:52,6
DA:53,6
DA:54,3
DA:55,33
DA:56,35
DA:57,50
DA:60,16
DA:61,12
DA:62,23
DA:63,11
DA:64,12
DA:67,1
DA:68,7
DA:69,8
DA:70,6
DA:71,3
DA:72,50
DA:73,34
DA:76,17
DA:77,29
DA:78,20
DA:79,2
DA:80,11
LF:56
LH:56
end_of_record
TN:
SF:src/traces/TraceRetention.ts
FNF:9
FNH:9
DA:5,24
DA:6,45
DA:7,30
DA:8,3
DA:11,25
DA:12,35
DA:13,27
DA:14,6
DA:15,2
DA:16,63
DA:18,17
DA:19,65
DA:21,1
DA:22,7
DA:23,8
DA:24,6
DA:25,3
DA:26,54
DA:27,41
DA:28,25
DA:29,21
DA:32,16
DA:33,40
DA:35,13
DA:36,9
DA:37,49
DA:38,11
DA:39,12
DA:42,10
DA:43,43
LF:30
LH:30
end_of_record
TN:
SF:src/traces/TraceService.ts
FNF:16
FNH:16
DA:1,82
DA:7,104
DA:8,96
DA:9,100
DA:10,97
DA:25,49
DA:26,24
DA:27,54
DA:28,126
DA:29,58
DA:30,6
DA:34,13
DA:35,60
DA:36,78
DA:37,10
DA:39,10
DA:40,14
DA:41,16
DA:42,28
DA:43,10
DA:44,134
DA:45,96
DA:46,134
DA:49,17
DA:50,14
DA:51,16
DA:52,16
DA:53,23
DA:54,10
DA:55,144
DA:56,148
DA:59,57
DA:60,93
DA:61,107
DA:62,9
DA:65,18
DA:66,14
DA:67,16
DA:68,14
DA:69,10
DA:70,80
DA:71,86
DA:74,33
DA:75,111
DA:78,77
DA:79,124
DA:80,109
DA:83,46
DA:84,79
DA:85,87
DA:86,12
DA:88,47
DA:89,79
DA:90,89
DA:91,12
DA:93,18
DA:94,51
DA:97,35
DA:98,58
DA:100,2
DA:102,48
DA:103,113
LF:62
LH:62
end_of_record
TN:
SF:src/vfs/NodeStore.ts
FNF:24
FNH:24
DA:1,88
DA:9,131
DA:18,1
DA:19,37
DA:20,142
DA:21,68
DA:22,80
DA:23,80
DA:24,88
DA:25,84
DA:26,44
DA:28,26
DA:29,48
DA:30,62
DA:32,22
DA:33,55
DA:35,33
DA:36,67
DA:38,57
DA:39,123
DA:41,37
DA:42,68
DA:44,55
DA:45,86
DA:47,37
DA:48,68
DA:50,30
DA:51,62
DA:53,34
DA:54,70
DA:56,57
DA:57,100
DA:59,53
DA:60,84
DA:62,55
DA:63,88
DA:65,29
DA:66,60
DA:68,28
DA:69,73
DA:71,32
DA:72,81
DA:74,44
DA:75,105
DA:77,28
DA:78,73
DA:80,31
DA:81,79
DA:83,34
DA:84,85
DA:86,22
DA:87,69
DA:89,34
DA:90,70
DA:92,40
DA:93,87
DA:95,39
DA:96,73
DA:98,2
LF:59
LH:59
end_of_record
TN:
SF:src/vfs/NodeStoreApply.ts
FNF:6
FNH:6
DA:22,29
DA:23,36
DA:24,6
DA:25,2
DA:26,53
DA:29,15
DA:30,7
DA:31,30
DA:32,32
DA:33,28
DA:37,28
DA:38,36
DA:39,38
DA:40,6
DA:41,2
DA:42,36
DA:43,38
DA:44,6
DA:45,2
DA:46,36
DA:49,28
DA:50,36
DA:51,57
DA:52,6
DA:53,2
DA:54,38
DA:55,58
DA:56,6
DA:57,2
DA:58,38
DA:61,28
DA:62,36
DA:63,34
DA:64,6
DA:65,2
DA:66,39
DA:71,28
DA:72,41
DA:73,46
DA:74,6
DA:75,2
DA:76,28
DA:77,53
DA:78,31
LF:44
LH:44
end_of_record
TN:
SF:src/vfs/NodeStoreComponents.ts
FNF:2
FNH:2
DA:2,60
DA:3,56
DA:4,56
DA:5,56
DA:6,50
DA:16,16
DA:17,42
DA:18,48
DA:19,34
DA:22,1
DA:23,7
DA:24,10
DA:25,3
DA:26,58
DA:27,62
DA:28,59
DA:29,59
LF:17
LH:17
end_of_record
TN:
SF:src/vfs/NodeStoreFileMutations.ts
FNF:7
FNH:7
DA:3,59
DA:19,25
DA:20,28
DA:21,43
DA:22,18
DA:23,29
DA:24,6
DA:25,2
DA:26,32
DA:29,24
DA:30,36
DA:31,29
DA:34,19
DA:35,47
DA:36,53
DA:39,19
DA:40,65
DA:41,70
DA:42,32
DA:45,19
DA:46,18
DA:47,50
DA:48,2
DA:49,33
DA:50,31
DA:53,6
DA:54,6
DA:55,6
DA:56,5
DA:57,4
DA:58,3
DA:59,28
DA:60,49
DA:61,46
DA:64,16
DA:65,57
DA:66,35
DA:67,23
LF:38
LH:38
end_of_record
TN:
SF:src/vfs/NodeStoreInspection.ts
FNF:15
FNH:15
DA:5,107
DA:8,1
DA:10,13
DA:11,60
DA:12,78
DA:13,10
DA:14,120
DA:16,28
DA:17,82
DA:18,35
DA:19,85
DA:20,9
DA:21,34
DA:22,47
DA:23,9
DA:24,57
DA:26,32
DA:27,96
DA:28,28
DA:29,45
DA:30,9
DA:31,63
DA:32,99
DA:33,9
DA:34,57
DA:36,58
DA:37,98
DA:38,35
DA:39,85
DA:40,9
DA:41,145
DA:43,28
DA:44,82
DA:45,35
DA:46,95
DA:47,9
DA:48,43
DA:49,91
DA:50,9
DA:51,137
DA:53,34
DA:54,155
DA:56,29
DA:57,129
DA:59,31
DA:60,79
DA:62,34
DA:63,85
DA:65,22
DA:66,44
DA:67,88
DA:68,33
DA:70,47
DA:71,57
DA:72,68
DA:73,9
DA:74,81
DA:75,65
DA:76,12
DA:78,29
DA:79,156
DA:81,2
LF:62
LH:62
end_of_record
TN:
SF:src/vfs/NodeStoreLinkTarget.ts
FNF:2
FNH:2
DA:3,6
DA:4,6
DA:5,8
DA:6,8
DA:7,3
DA:8,38
DA:9,83
DA:12,10
DA:13,24
DA:14,0
DA:15,2
DA:16,25
LF:12
LH:11
end_of_record
TN:
SF:src/vfs/NodeStoreLinks.ts
FNF:6
FNH:6
DA:3,59
DA:4,52
DA:8,53
DA:15,6
DA:16,10
DA:17,7
DA:18,6
DA:19,8
DA:20,3
DA:21,62
DA:22,39
DA:25,10
DA:26,41
DA:29,6
DA:30,6
DA:31,8
DA:32,6
DA:33,4
DA:34,3
DA:35,53
DA:36,72
DA:39,6
DA:40,6
DA:41,6
DA:42,8
DA:43,4
DA:44,3
DA:45,53
DA:46,61
DA:47,64
DA:50,16
DA:51,57
DA:52,35
DA:53,24
DA:63,21
DA:64,57
DA:65,31
LF:37
LH:37
end_of_record
TN:
SF:src/vfs/NodeStoreMutation.ts
FNF:20
FNH:20
DA:3,120
DA:4,90
DA:6,100
DA:8,124
DA:10,100
DA:11,96
DA:12,168
DA:19,127
DA:24,1
DA:25,13
DA:26,60
DA:27,78
DA:28,10
DA:29,130
DA:30,78
DA:33,28
DA:34,51
DA:35,34
DA:36,64
DA:38,53
DA:39,9
DA:42,87
DA:43,88
DA:45,87
DA:46,74
DA:48,105
DA:49,100
DA:51,30
DA:52,60
DA:53,94
DA:54,72
DA:56,29
DA:57,54
DA:59,34
DA:60,76
DA:62,41
DA:63,60
DA:64,52
DA:66,57
DA:67,126
DA:69,105
DA:70,94
DA:72,7
DA:73,12
DA:74,16
DA:75,58
DA:76,10
DA:77,90
DA:79,24
DA:80,113
DA:82,24
DA:83,74
DA:84,28
DA:85,24
DA:86,30
DA:87,69
DA:88,73
DA:90,9
DA:92,39
DA:93,72
DA:95,30
DA:96,79
DA:98,38
DA:99,83
DA:101,2
LF:65
LH:65
end_of_record
TN:
SF:src/vfs/NodeStoreOrigins.ts
FNF:14
FNH:14
DA:7,13
DA:8,60
DA:9,79
DA:10,10
DA:12,31
DA:13,49
DA:14,29
DA:15,9
DA:16,155
DA:18,34
DA:19,83
DA:20,53
DA:21,9
DA:23,13
DA:24,12
DA:25,14
DA:26,12
DA:27,10
DA:28,51
DA:29,65
DA:30,79
DA:33,50
DA:34,42
DA:35,26
DA:36,110
DA:37,66
DA:38,87
DA:40,62
DA:41,142
DA:42,30
DA:43,45
DA:44,9
DA:45,55
DA:46,63
DA:47,79
DA:49,61
DA:50,109
DA:52,30
DA:53,35
DA:55,38
DA:56,134
DA:58,1
LF:42
LH:42
end_of_record
TN:
SF:src/vfs/NodeStoreParent.ts
FNF:7
FNH:7
DA:5,25
DA:6,41
DA:7,27
DA:8,57
DA:9,64
DA:12,1
DA:13,8
DA:14,6
DA:15,6
DA:16,3
DA:17,26
DA:18,52
DA:19,2
DA:20,44
DA:23,10
DA:24,11
DA:27,24
DA:28,40
DA:29,23
DA:32,18
DA:33,21
DA:34,43
DA:35,2
DA:36,28
DA:37,49
DA:38,2
DA:41,29
DA:42,61
DA:43,47
DA:44,1
LF:30
LH:30
end_of_record
TN:
SF:src/vfs/NodeStoreRemove.ts
FNF:6
FNH:6
DA:4,29
DA:5,41
DA:6,19
DA:7,40
DA:8,2
DA:9,44
DA:10,36
DA:11,28
DA:14,23
DA:15,41
DA:16,20
DA:17,44
DA:18,1
DA:21,12
DA:22,21
DA:23,0
DA:24,2
DA:25,22
DA:28,18
DA:29,69
DA:32,16
DA:33,18
DA:34,42
DA:35,1
LF:24
LH:23
end_of_record
TN:
SF:src/vfs/NodeStoreResolver.ts
FNF:18
FNH:18
DA:2,104
DA:4,128
DA:6,99
DA:9,1
DA:11,83
DA:12,122
DA:15,79
DA:16,45
DA:17,89
DA:18,9
DA:19,43
DA:20,39
DA:21,75
DA:23,62
DA:24,34
DA:25,38
DA:26,52
DA:27,16
DA:28,10
DA:29,9
DA:32,41
DA:33,77
DA:36,31
DA:37,69
DA:40,30
DA:41,67
DA:44,30
DA:45,42
DA:46,46
DA:47,59
DA:48,68
DA:49,58
DA:50,9
DA:51,63
DA:54,49
DA:55,39
DA:56,103
DA:57,8
DA:58,9
DA:60,47
DA:61,81
DA:64,6
DA:65,12
DA:66,14
DA:67,16
DA:68,14
DA:69,10
DA:70,90
DA:71,143
DA:73,10
DA:74,14
DA:75,14
DA:76,16
DA:77,14
DA:78,10
DA:79,97
DA:80,103
DA:81,89
DA:84,68
DA:85,141
DA:87,9
DA:88,14
DA:89,14
DA:90,16
DA:91,14
DA:92,10
DA:93,55
DA:94,15
DA:95,101
DA:98,70
DA:99,82
DA:100,108
DA:101,139
DA:104,34
DA:105,103
DA:106,33
DA:107,8
DA:109,2
LF:78
LH:78
end_of_record
TN:
SF:src/vfs/NodeStoreRmdir.ts
FNF:6
FNH:6
DA:7,13
DA:8,114
DA:9,79
DA:10,10
DA:12,27
DA:13,60
DA:14,98
DA:15,88
DA:18,66
DA:19,28
DA:20,136
DA:21,43
DA:22,85
DA:23,9
DA:24,92
DA:25,94
DA:26,60
DA:29,50
DA:30,43
DA:31,91
DA:32,9
DA:33,67
DA:34,99
DA:35,8
DA:37,1
DA:39,48
DA:40,48
DA:41,49
DA:42,5
DA:43,47
LF:30
LH:30
end_of_record
TN:
SF:src/vfs/NodeStoreSnapshot.ts
FNF:16
FNH:16
DA:2,112
DA:3,112
DA:4,99
DA:9,13
DA:10,60
DA:11,67
DA:12,10
DA:13,44
DA:14,58
DA:15,70
DA:16,71
DA:17,57
DA:18,12
DA:21,20
DA:22,110
DA:23,100
DA:24,157
DA:26,40
DA:27,141
DA:29,39
DA:30,146
DA:31,58
DA:32,68
DA:34,28
DA:35,136
DA:36,136
DA:37,110
DA:38,145
DA:40,36
DA:41,28
DA:42,84
DA:43,92
DA:44,90
DA:45,9
DA:47,51
DA:48,90
DA:49,74
DA:50,29
DA:52,51
DA:53,91
DA:54,57
DA:55,12
DA:57,48
DA:58,153
DA:61,34
DA:62,28
DA:63,84
DA:64,82
DA:65,9
DA:67,29
DA:68,81
DA:69,110
DA:70,45
DA:71,11
DA:73,2
LF:55
LH:55
end_of_record
TN:
SF:src/vfs/NodeStoreState.ts
FNF:7
FNH:7
DA:1,87
DA:14,1
DA:16,115
DA:18,22
DA:19,47
DA:22,12
DA:23,12
DA:24,10
DA:25,16
DA:26,46
DA:27,10
DA:28,100
DA:29,42
DA:30,75
DA:33,48
DA:34,60
DA:35,29
DA:38,62
DA:39,28
DA:40,22
DA:41,20
DA:42,71
DA:43,26
DA:44,40
DA:45,36
DA:46,9
DA:48,29
DA:49,80
DA:51,46
DA:52,54
DA:53,61
DA:55,2
LF:32
LH:32
end_of_record
TN:
SF:src/vfs/NodeStoreUnion.ts
FNF:12
FNH:12
DA:5,13
DA:6,73
DA:7,10
DA:9,41
DA:10,51
DA:11,85
DA:12,123
DA:15,31
DA:16,59
DA:17,57
DA:18,9
DA:19,56
DA:20,87
DA:21,73
DA:22,12
DA:23,63
DA:26,30
DA:27,64
DA:28,66
DA:29,81
DA:32,50
DA:33,69
DA:34,88
DA:35,39
DA:36,31
DA:37,9
DA:38,9
DA:41,54
DA:42,77
DA:43,113
DA:44,12
DA:46,33
DA:47,56
DA:49,1
LF:34
LH:34
end_of_record
TN:
SF:src/vfs/NodeStoreWritability.ts
FNF:8
FNH:8
DA:2,104
DA:4,119
DA:15,1
DA:16,13
DA:17,60
DA:18,78
DA:19,10
DA:21,60
DA:22,38
DA:23,47
DA:24,9
DA:25,86
DA:26,122
DA:29,44
DA:30,94
DA:31,84
DA:34,56
DA:35,152
DA:36,35
DA:37,72
DA:38,9
DA:41,51
DA:42,63
DA:43,128
DA:44,17
DA:45,9
DA:46,82
DA:49,56
DA:50,67
DA:51,118
DA:52,66
DA:53,17
DA:54,9
DA:55,96
DA:58,62
DA:59,100
DA:60,108
DA:61,135
DA:63,2
LF:39
LH:39
end_of_record
TN:
SF:src/vfs/NodeStoreWriteGuard.ts
FNF:5
FNH:5
DA:4,36
DA:8,18
DA:9,23
DA:10,6
DA:11,4
DA:12,34
DA:14,20
DA:15,29
DA:17,1
DA:19,10
DA:20,38
DA:23,18
DA:24,31
DA:25,45
DA:26,29
DA:27,1
DA:30,16
DA:31,39
DA:32,43
DA:33,2
DA:34,26
DA:35,49
DA:36,1
LF:23
LH:23
end_of_record
TN:
SF:src/vfs/UnionLayers.ts
FNF:4
FNH:4
DA:2,52
DA:5,6
DA:6,10
DA:7,8
DA:8,3
DA:9,73
DA:10,31
DA:11,34
DA:12,4
DA:13,15
DA:16,20
DA:17,34
DA:18,58
DA:19,1
LF:14
LH:14
end_of_record
TN:
SF:src/yash/chatArgs.ts
FNF:6
FNH:6
DA:7,15
DA:8,51
DA:9,18
DA:10,66
DA:11,30
DA:12,2
DA:13,11
DA:16,11
DA:17,56
DA:20,21
DA:21,26
DA:22,53
DA:23,57
DA:24,38
DA:25,52
DA:26,11
DA:27,30
DA:31,23
DA:32,30
DA:33,27
DA:34,11
DA:35,23
DA:39,17
DA:40,36
DA:41,59
DA:42,2
DA:43,22
DA:46,21
DA:47,33
DA:48,29
DA:49,43
DA:50,2
DA:51,12
LF:33
LH:33
end_of_record
TN:
SF:src/yash/completion.ts
FNF:1
FNH:1
DA:1,15
DA:2,47
LF:2
LH:2
end_of_record
TN:
SF:src/yash/history.ts
FNF:11
FNH:11
DA:1,124
DA:2,71
DA:5,13
DA:6,54
DA:7,60
DA:8,80
DA:9,10
DA:11,56
DA:12,150
DA:15,23
DA:16,51
DA:19,32
DA:20,148
DA:23,36
DA:24,107
DA:25,17
DA:26,9
DA:27,58
DA:28,94
DA:29,114
DA:30,130
DA:32,2
DA:34,59
DA:35,18
DA:36,116
DA:37,38
DA:38,71
DA:39,23
DA:40,5
DA:41,17
DA:45,59
DA:46,111
LF:32
LH:32
end_of_record
TN:
SF:src/yash/prompt.ts
FNF:2
FNH:2
DA:6,6
DA:7,10
DA:8,9
DA:9,8
DA:10,3
DA:11,67
DA:12,66
DA:13,1
LF:8
LH:8
end_of_record
TN:
SF:test/agent_model_fakes.ts
FNF:20
FNH:20
DA:2,45
DA:4,6
DA:5,7
DA:6,7
DA:7,3
DA:8,67
DA:11,1
DA:12,7
DA:13,7
DA:14,6
DA:15,3
DA:16,29
DA:17,12
DA:20,10
DA:21,75
DA:24,20
DA:25,12
DA:26,30
DA:27,52
DA:28,30
DA:29,30
DA:31,2
DA:34,18
DA:35,12
DA:36,26
DA:37,26
DA:39,2
DA:42,25
DA:43,12
DA:44,25
DA:45,27
DA:46,15
DA:48,2
DA:51,26
DA:52,40
DA:53,35
DA:54,23
DA:57,1
DA:58,8
DA:59,9
DA:60,8
DA:61,3
DA:62,32
DA:63,46
DA:64,2
DA:65,22
DA:68,1
DA:69,7
DA:70,9
DA:71,8
DA:72,3
DA:73,23
DA:74,19
DA:77,6
DA:78,9
DA:79,7
DA:80,3
DA:81,29
DA:82,30
DA:83,45
DA:84,23
DA:87,1
DA:88,9
DA:89,7
DA:90,7
DA:91,6
DA:92,3
DA:93,19
DA:94,29
LF:69
LH:69
end_of_record
TN:
SF:test/agent_test_helpers.ts
FNF:19
FNH:19
DA:3,36
DA:13,6
DA:14,8
DA:15,9
DA:16,18
DA:17,3
DA:18,60
DA:21,12
DA:22,35
DA:25,6
DA:26,8
DA:27,9
DA:28,9
DA:29,18
DA:30,3
DA:31,75
DA:34,10
DA:35,27
DA:36,39
DA:37,15
DA:38,12
DA:39,2
DA:40,18
DA:41,18
DA:44,11
DA:45,38
DA:46,16
DA:47,64
DA:48,1
DA:49,1
DA:52,10
DA:53,40
DA:54,16
DA:55,6
DA:56,2
DA:57,70
DA:58,56
DA:61,10
DA:62,35
DA:63,28
DA:64,16
DA:65,28
DA:71,28
DA:72,14
DA:73,44
DA:74,29
DA:75,24
DA:78,19
DA:79,41
DA:80,56
DA:81,13
DA:82,7
DA:83,91
DA:84,48
DA:88,11
DA:89,17
DA:90,128
DA:92,145
DA:95,13
DA:96,54
LF:60
LH:60
end_of_record
TN:
SF:test/desired_mount_helpers.ts
FNF:12
FNH:12
DA:1,54
DA:2,33
DA:3,33
DA:6,55
DA:8,52
DA:9,52
DA:11,26
DA:13,6
DA:14,6
DA:15,16
DA:16,3
DA:17,3
DA:18,66
DA:19,41
DA:20,16
DA:23,6
DA:24,6
DA:25,16
DA:26,3
DA:27,3
DA:28,66
DA:29,40
DA:30,15
DA:33,30
DA:34,61
DA:35,51
DA:36,62
DA:37,52
DA:40,16
DA:41,66
DA:42,16
DA:43,56
DA:44,2
DA:45,13
DA:48,6
DA:49,8
DA:50,14
DA:51,13
DA:52,3
DA:53,63
DA:54,54
DA:55,60
DA:56,36
DA:59,25
DA:60,58
DA:61,58
DA:62,44
DA:63,32
DA:66,1
DA:67,8
DA:68,9
DA:69,3
DA:70,32
DA:71,12
DA:72,30
DA:73,31
DA:74,2
LF:57
LH:57
end_of_record
TN:
SF:test/e2e/raw_socket_helpers.ts
FNF:10
FNH:10
DA:3,6
DA:4,8
DA:5,9
DA:6,3
DA:7,44
DA:8,54
DA:9,34
DA:10,31
DA:11,2
DA:14,11
DA:15,85
DA:18,17
DA:19,70
DA:22,17
DA:23,33
DA:24,45
DA:25,42
DA:26,2
DA:27,49
DA:30,17
DA:31,31
DA:32,23
DA:33,12
DA:35,1
LF:24
LH:24
end_of_record
TN:
SF:test/e2e/slack_inbound_fakes.ts
FNF:12
FNH:12
DA:15,19
DA:16,47
DA:19,25
DA:20,48
DA:23,16
DA:24,12
DA:25,38
DA:26,24
DA:27,64
DA:28,18
DA:29,1
DA:32,11
DA:33,12
DA:34,29
DA:35,36
DA:36,32
DA:37,36
DA:38,1
DA:41,26
DA:42,39
DA:43,12
DA:46,1
DA:47,7
DA:48,8
DA:49,9
DA:50,4
DA:51,3
DA:52,47
DA:55,11
DA:56,31
DA:57,34
DA:58,36
DA:59,2
DA:60,21
LF:34
LH:34
end_of_record
TN:
SF:test/e2e/slack_inbound_helpers.ts
FNF:13
FNH:13
DA:1,69
DA:2,86
DA:4,67
DA:5,51
DA:8,58
DA:15,6
DA:16,7
DA:17,10
DA:18,18
DA:19,3
DA:20,61
DA:21,39
DA:22,70
DA:25,1
DA:26,8
DA:27,10
DA:28,3
DA:29,41
DA:30,36
DA:31,71
DA:34,12
DA:35,28
DA:36,11
DA:37,11
DA:38,33
DA:39,2
DA:42,35
DA:43,42
DA:44,34
DA:45,21
DA:46,6
DA:47,4
DA:48,18
DA:49,2
DA:50,55
DA:53,13
DA:54,55
DA:61,11
DA:62,16
DA:65,16
DA:66,15
DA:67,145
DA:70,66
DA:73,11
DA:74,71
DA:75,7
DA:76,88
DA:77,65
DA:82,11
DA:83,43
DA:84,4
DA:85,43
DA:88,11
DA:89,43
DA:90,4
DA:91,43
LF:56
LH:56
end_of_record
TN:
SF:test/json.ts
FNF:1
FNH:1
DA:3,17
DA:4,25
LF:2
LH:2
end_of_record
TN:
SF:test/mcp/mcp_test_helpers.ts
FNF:4
FNH:4
DA:3,6
DA:4,8
DA:5,4
DA:6,8
DA:7,8
DA:8,3
DA:9,62
DA:12,6
DA:13,8
DA:14,4
DA:15,6
DA:16,5
DA:17,3
DA:18,12
DA:19,66
DA:20,1
DA:23,14
DA:24,34
DA:25,29
LF:19
LH:19
end_of_record
TN:
SF:test/mount_manifest_helpers.ts
FNF:6
FNH:6
DA:1,34
DA:3,55
DA:5,11
DA:6,133
DA:9,17
DA:10,14
DA:11,7
DA:12,10
DA:13,39
DA:16,11
DA:17,12
DA:18,43
DA:19,39
DA:20,38
DA:21,38
DA:22,2
DA:25,19
DA:26,70
LF:18
LH:18
end_of_record
TN:
SF:test/operations/workspace_helpers.ts
FNF:2
FNH:2
DA:1,29
DA:3,10
DA:4,24
DA:5,40
DA:6,48
DA:7,47
DA:8,55
DA:9,59
DA:10,11
LF:9
LH:9
end_of_record
TN:
SF:test/plugins/agent/agent_tool_server_helpers.ts
FNF:6
FNH:6
DA:1,67
DA:2,99
DA:5,77
DA:7,15
DA:8,57
DA:9,78
DA:12,6
DA:13,8
DA:14,9
DA:15,12
DA:16,3
DA:17,50
DA:18,71
DA:19,72
DA:20,14
DA:23,17
DA:24,33
DA:25,26
DA:28,30
DA:29,62
DA:30,7
DA:31,147
DA:33,75
LF:23
LH:23
end_of_record
TN:
SF:test/plugins/slack/slack_inbound_routing_helpers.ts
FNF:10
FNH:10
DA:6,18
DA:7,20
DA:8,17
DA:9,30
DA:10,22
DA:11,73
DA:12,23
DA:13,4
DA:14,32
DA:24,6
DA:25,16
DA:26,14
DA:27,9
DA:28,22
DA:29,3
DA:30,74
DA:31,54
DA:34,28
DA:35,41
DA:36,45
DA:37,70
DA:38,30
DA:39,3
DA:40,11
DA:43,22
DA:44,40
DA:45,18
DA:46,41
DA:47,39
DA:48,5
DA:49,68
DA:52,28
DA:53,42
DA:54,34
DA:55,21
DA:56,6
DA:57,4
DA:58,18
DA:59,2
DA:60,55
DA:63,13
DA:64,54
LF:42
LH:42
end_of_record
TN:
SF:test/sse_fixtures.ts
FNF:9
FNH:9
DA:6,17
DA:7,23
DA:10,17
DA:11,44
DA:12,50
DA:13,2
DA:16,12
DA:17,31
DA:18,52
DA:19,2
DA:22,1
DA:23,12
DA:24,7
DA:25,3
DA:26,32
DA:27,63
DA:28,26
DA:29,2
DA:30,20
DA:33,16
DA:34,63
DA:35,20
DA:38,13
DA:39,72
DA:40,25
LF:25
LH:25
end_of_record
